[0.032s] Invoking command in '/home/judson35/lab1_ws/build/lab1_pkg': CMAKE_PREFIX_PATH=/home/judson35/lab1_ws/install/lab1_pkg:/opt/ros/foxy:/opt/ros/noetic /usr/bin/cmake --build /home/judson35/lab1_ws/build/lab1_pkg -- -j8 -l8
[0.096s] [35m[1mScanning dependencies of target talker[0m
[0.133s] [ 50%] Built target relay
[0.148s] [ 75%] [32mBuilding CXX object CMakeFiles/talker.dir/src/talker.cpp.o[0m
[2.438s] In file included from [01m[K/opt/ros/foxy/include/rclcpp/client.hpp:40[m[K,
[2.438s]                  from [01m[K/opt/ros/foxy/include/rclcpp/callback_group.hpp:23[m[K,
[2.439s]                  from [01m[K/opt/ros/foxy/include/rclcpp/any_executable.hpp:20[m[K,
[2.439s]                  from [01m[K/opt/ros/foxy/include/rclcpp/memory_strategy.hpp:24[m[K,
[2.439s]                  from [01m[K/opt/ros/foxy/include/rclcpp/memory_strategies.hpp:18[m[K,
[2.439s]                  from [01m[K/opt/ros/foxy/include/rclcpp/executor_options.hpp:20[m[K,
[2.439s]                  from [01m[K/opt/ros/foxy/include/rclcpp/executor.hpp:33[m[K,
[2.439s]                  from [01m[K/opt/ros/foxy/include/rclcpp/executors/multi_threaded_executor.hpp:26[m[K,
[2.440s]                  from [01m[K/opt/ros/foxy/include/rclcpp/executors.hpp:21[m[K,
[2.440s]                  from [01m[K/opt/ros/foxy/include/rclcpp/rclcpp.hpp:146[m[K,
[2.440s]                  from [01m[K/home/judson35/lab1_ws/src/lab1_pkg/src/talker.cpp:5[m[K:
[2.440s] [01m[K/home/judson35/lab1_ws/src/lab1_pkg/src/talker.cpp:[m[K In member function ‘[01m[Krcl_interfaces::msg::SetParametersResult Talker::parametersCallback(const std::vector<rclcpp::Parameter>&)[m[K’:
[2.440s] [01m[K/home/judson35/lab1_ws/src/lab1_pkg/src/talker.cpp:49:9:[m[K [01;31m[Kerror: [m[Kno matching function for call to ‘[01m[Kget_c_string(const std::type_info&)[m[K’
[2.440s]    49 |         [01;31m[KRCLCPP_INFO[m[K(this->get_logger(), typeid(parameters[0].as_int()))
[2.440s]       |         [01;31m[K^~~~~~~~~~~[m[K
[2.441s] In file included from [01m[K/opt/ros/foxy/include/rclcpp/client.hpp:36[m[K,
[2.441s]                  from [01m[K/opt/ros/foxy/include/rclcpp/callback_group.hpp:23[m[K,
[2.441s]                  from [01m[K/opt/ros/foxy/include/rclcpp/any_executable.hpp:20[m[K,
[2.441s]                  from [01m[K/opt/ros/foxy/include/rclcpp/memory_strategy.hpp:24[m[K,
[2.441s]                  from [01m[K/opt/ros/foxy/include/rclcpp/memory_strategies.hpp:18[m[K,
[2.441s]                  from [01m[K/opt/ros/foxy/include/rclcpp/executor_options.hpp:20[m[K,
[2.441s]                  from [01m[K/opt/ros/foxy/include/rclcpp/executor.hpp:33[m[K,
[2.441s]                  from [01m[K/opt/ros/foxy/include/rclcpp/executors/multi_threaded_executor.hpp:26[m[K,
[2.442s]                  from [01m[K/opt/ros/foxy/include/rclcpp/executors.hpp:21[m[K,
[2.442s]                  from [01m[K/opt/ros/foxy/include/rclcpp/rclcpp.hpp:146[m[K,
[2.442s]                  from [01m[K/home/judson35/lab1_ws/src/lab1_pkg/src/talker.cpp:5[m[K:
[2.442s] [01m[K/opt/ros/foxy/include/rclcpp/utilities.hpp:296:1:[m[K [01;36m[Knote: [m[Kcandidate: ‘[01m[Kconst char* rclcpp::get_c_string(const char*)[m[K’
[2.442s]   296 | [01;36m[Kget_c_string[m[K(const char * string_in);
[2.442s]       | [01;36m[K^~~~~~~~~~~~[m[K
[2.443s] [01m[K/opt/ros/foxy/include/rclcpp/utilities.hpp:296:27:[m[K [01;36m[Knote: [m[K  no known conversion for argument 1 from ‘[01m[Kconst std::type_info[m[K’ to ‘[01m[Kconst char*[m[K’
[2.443s]   296 | get_c_string([01;36m[Kconst char * string_in[m[K);
[2.443s]       |              [01;36m[K~~~~~~~~~~~~~^~~~~~~~~[m[K
[2.443s] [01m[K/opt/ros/foxy/include/rclcpp/utilities.hpp:305:1:[m[K [01;36m[Knote: [m[Kcandidate: ‘[01m[Kconst char* rclcpp::get_c_string(const string&)[m[K’
[2.443s]   305 | [01;36m[Kget_c_string[m[K(const std::string & string_in);
[2.443s]       | [01;36m[K^~~~~~~~~~~~[m[K
[2.443s] [01m[K/opt/ros/foxy/include/rclcpp/utilities.hpp:305:34:[m[K [01;36m[Knote: [m[K  no known conversion for argument 1 from ‘[01m[Kconst std::type_info[m[K’ to ‘[01m[Kconst string&[m[K’ {aka ‘[01m[Kconst std::__cxx11::basic_string<char>&[m[K’}
[2.444s]   305 | get_c_string([01;36m[Kconst std::string & string_in[m[K);
[2.444s]       |              [01;36m[K~~~~~~~~~~~~~~~~~~~~^~~~~~~~~[m[K
[2.444s] [01m[K/home/judson35/lab1_ws/src/lab1_pkg/src/talker.cpp:51:9:[m[K [01;31m[Kerror: [m[Kexpected ‘[01m[K;[m[K’ before ‘[01m[Kresult[m[K’
[2.444s]    51 |         [01;31m[Kresult[m[K.successful = true;
[2.444s]       |         [01;31m[K^~~~~~[m[K
[3.988s] make[2]: *** [CMakeFiles/talker.dir/build.make:63: CMakeFiles/talker.dir/src/talker.cpp.o] Error 1
[3.988s] make[1]: *** [CMakeFiles/Makefile2:107: CMakeFiles/talker.dir/all] Error 2
[3.988s] make: *** [Makefile:141: all] Error 2
[3.993s] Invoked command in '/home/judson35/lab1_ws/build/lab1_pkg' returned '2': CMAKE_PREFIX_PATH=/home/judson35/lab1_ws/install/lab1_pkg:/opt/ros/foxy:/opt/ros/noetic /usr/bin/cmake --build /home/judson35/lab1_ws/build/lab1_pkg -- -j8 -l8
