[0.029s] Invoking command in '/home/judson35/lab1_ws/build/lab1_pkg': CMAKE_PREFIX_PATH=/home/judson35/lab1_ws/install/lab1_pkg:/opt/ros/foxy:/opt/ros/noetic /usr/bin/cmake --build /home/judson35/lab1_ws/build/lab1_pkg -- -j8 -l8
[0.101s] [35m[1mScanning dependencies of target talker[0m
[0.144s] [ 50%] Built target relay
[0.159s] [ 75%] [32mBuilding CXX object CMakeFiles/talker.dir/src/talker.cpp.o[0m
[2.368s] In file included from [01m[K/opt/ros/foxy/include/rclcpp/node.hpp:1224[m[K,
[2.369s]                  from [01m[K/opt/ros/foxy/include/rclcpp/executors/single_threaded_executor.hpp:28[m[K,
[2.369s]                  from [01m[K/opt/ros/foxy/include/rclcpp/executors.hpp:22[m[K,
[2.369s]                  from [01m[K/opt/ros/foxy/include/rclcpp/rclcpp.hpp:146[m[K,
[2.369s]                  from [01m[K/home/judson35/lab1_ws/src/lab1_pkg/src/talker.cpp:7[m[K:
[2.369s] /opt/ros/foxy/include/rclcpp/node_impl.hpp: In instantiation of ‘[01m[Kauto rclcpp::Node::declare_parameter(const string&, const ParameterT&, const ParameterDescriptor&, bool) [with ParameterT = rclcpp::ParameterType; std::string = std::__cxx11::basic_string<char>; rcl_interfaces::msg::ParameterDescriptor = rcl_interfaces::msg::ParameterDescriptor_<std::allocator<void> >][m[K’:
[2.370s] [01m[K/home/judson35/lab1_ws/src/lab1_pkg/src/talker.cpp:26:77:[m[K   required from here
[2.370s] [01m[K/opt/ros/foxy/include/rclcpp/node_impl.hpp:169:23:[m[K [01;31m[Kerror: [m[Kno matching function for call to ‘[01m[Krclcpp::ParameterValue::get<rclcpp::ParameterType>() const[m[K’
[2.370s]   169 |     ).get<ParameterT>([01;31m[K)[m[K;
[2.370s]       |                       [01;31m[K^[m[K
[2.370s] In file included from [01m[K/opt/ros/foxy/include/rclcpp/parameter.hpp:26[m[K,
[2.370s]                  from [01m[K/opt/ros/foxy/include/rclcpp/node_interfaces/node_parameters_interface.hpp:28[m[K,
[2.370s]                  from [01m[K/opt/ros/foxy/include/rclcpp/node.hpp:51[m[K,
[2.370s]                  from [01m[K/opt/ros/foxy/include/rclcpp/executors/single_threaded_executor.hpp:28[m[K,
[2.370s]                  from [01m[K/opt/ros/foxy/include/rclcpp/executors.hpp:22[m[K,
[2.371s]                  from [01m[K/opt/ros/foxy/include/rclcpp/rclcpp.hpp:146[m[K,
[2.371s]                  from [01m[K/home/judson35/lab1_ws/src/lab1_pkg/src/talker.cpp:7[m[K:
[2.371s] [01m[K/opt/ros/foxy/include/rclcpp/parameter_value.hpp:148:3:[m[K [01;36m[Knote: [m[Kcandidate: ‘[01m[Ktemplate<rclcpp::ParameterType type> constexpr typename std::enable_if<(type == rclcpp::PARAMETER_BOOL), const bool&>::type rclcpp::ParameterValue::get() const[m[K’
[2.371s]   148 |   [01;36m[Kget[m[K() const
[2.371s]       |   [01;36m[K^~~[m[K
[2.371s] [01m[K/opt/ros/foxy/include/rclcpp/parameter_value.hpp:148:3:[m[K [01;36m[Knote: [m[K  template argument deduction/substitution failed:
[2.371s] [01m[K/opt/ros/foxy/include/rclcpp/parameter_value.hpp:159:3:[m[K [01;36m[Knote: [m[Kcandidate: ‘[01m[Ktemplate<rclcpp::ParameterType type> constexpr typename std::enable_if<(type == rclcpp::PARAMETER_INTEGER), const long int&>::type rclcpp::ParameterValue::get() const[m[K’
[2.371s]   159 |   [01;36m[Kget[m[K() const
[2.372s]       |   [01;36m[K^~~[m[K
[2.372s] [01m[K/opt/ros/foxy/include/rclcpp/parameter_value.hpp:159:3:[m[K [01;36m[Knote: [m[K  template argument deduction/substitution failed:
[2.372s] [01m[K/opt/ros/foxy/include/rclcpp/parameter_value.hpp:170:3:[m[K [01;36m[Knote: [m[Kcandidate: ‘[01m[Ktemplate<rclcpp::ParameterType type> constexpr typename std::enable_if<(type == rclcpp::PARAMETER_DOUBLE), const double&>::type rclcpp::ParameterValue::get() const[m[K’
[2.372s]   170 |   [01;36m[Kget[m[K() const
[2.372s]       |   [01;36m[K^~~[m[K
[2.372s] [01m[K/opt/ros/foxy/include/rclcpp/parameter_value.hpp:170:3:[m[K [01;36m[Knote: [m[K  template argument deduction/substitution failed:
[2.372s] [01m[K/opt/ros/foxy/include/rclcpp/parameter_value.hpp:181:3:[m[K [01;36m[Knote: [m[Kcandidate: ‘[01m[Ktemplate<rclcpp::ParameterType type> constexpr typename std::enable_if<(type == rclcpp::PARAMETER_STRING), const std::__cxx11::basic_string<char>&>::type rclcpp::ParameterValue::get() const[m[K’
[2.372s]   181 |   [01;36m[Kget[m[K() const
[2.372s]       |   [01;36m[K^~~[m[K
[2.373s] [01m[K/opt/ros/foxy/include/rclcpp/parameter_value.hpp:181:3:[m[K [01;36m[Knote: [m[K  template argument deduction/substitution failed:
[2.373s] [01m[K/opt/ros/foxy/include/rclcpp/parameter_value.hpp:193:3:[m[K [01;36m[Knote: [m[Kcandidate: ‘[01m[Ktemplate<rclcpp::ParameterType type> constexpr typename std::enable_if<(type == rclcpp::PARAMETER_BYTE_ARRAY), const std::vector<unsigned char, std::allocator<unsigned char> >&>::type rclcpp::ParameterValue::get() const[m[K’
[2.373s]   193 |   [01;36m[Kget[m[K() const
[2.373s]       |   [01;36m[K^~~[m[K
[2.373s] [01m[K/opt/ros/foxy/include/rclcpp/parameter_value.hpp:193:3:[m[K [01;36m[Knote: [m[K  template argument deduction/substitution failed:
[2.373s] [01m[K/opt/ros/foxy/include/rclcpp/parameter_value.hpp:205:3:[m[K [01;36m[Knote: [m[Kcandidate: ‘[01m[Ktemplate<rclcpp::ParameterType type> constexpr typename std::enable_if<(type == rclcpp::PARAMETER_BOOL_ARRAY), const std::vector<bool, std::allocator<bool> >&>::type rclcpp::ParameterValue::get() const[m[K’
[2.373s]   205 |   [01;36m[Kget[m[K() const
[2.373s]       |   [01;36m[K^~~[m[K
[2.373s] [01m[K/opt/ros/foxy/include/rclcpp/parameter_value.hpp:205:3:[m[K [01;36m[Knote: [m[K  template argument deduction/substitution failed:
[2.374s] [01m[K/opt/ros/foxy/include/rclcpp/parameter_value.hpp:217:3:[m[K [01;36m[Knote: [m[Kcandidate: ‘[01m[Ktemplate<rclcpp::ParameterType type> constexpr typename std::enable_if<(type == rclcpp::PARAMETER_INTEGER_ARRAY), const std::vector<long int, std::allocator<long int> >&>::type rclcpp::ParameterValue::get() const[m[K’
[2.374s]   217 |   [01;36m[Kget[m[K() const
[2.374s]       |   [01;36m[K^~~[m[K
[2.374s] [01m[K/opt/ros/foxy/include/rclcpp/parameter_value.hpp:217:3:[m[K [01;36m[Knote: [m[K  template argument deduction/substitution failed:
[2.374s] [01m[K/opt/ros/foxy/include/rclcpp/parameter_value.hpp:229:3:[m[K [01;36m[Knote: [m[Kcandidate: ‘[01m[Ktemplate<rclcpp::ParameterType type> constexpr typename std::enable_if<(type == rclcpp::PARAMETER_DOUBLE_ARRAY), const std::vector<double, std::allocator<double> >&>::type rclcpp::ParameterValue::get() const[m[K’
[2.374s]   229 |   [01;36m[Kget[m[K() const
[2.374s]       |   [01;36m[K^~~[m[K
[2.374s] [01m[K/opt/ros/foxy/include/rclcpp/parameter_value.hpp:229:3:[m[K [01;36m[Knote: [m[K  template argument deduction/substitution failed:
[2.375s] [01m[K/opt/ros/foxy/include/rclcpp/parameter_value.hpp:241:3:[m[K [01;36m[Knote: [m[Kcandidate: ‘[01m[Ktemplate<rclcpp::ParameterType type> constexpr typename std::enable_if<(type == rclcpp::PARAMETER_STRING_ARRAY), const std::vector<std::__cxx11::basic_string<char> >&>::type rclcpp::ParameterValue::get() const[m[K’
[2.375s]   241 |   [01;36m[Kget[m[K() const
[2.375s]       |   [01;36m[K^~~[m[K
[2.375s] [01m[K/opt/ros/foxy/include/rclcpp/parameter_value.hpp:241:3:[m[K [01;36m[Knote: [m[K  template argument deduction/substitution failed:
[2.375s] [01m[K/opt/ros/foxy/include/rclcpp/parameter_value.hpp:254:3:[m[K [01;36m[Knote: [m[Kcandidate: ‘[01m[Ktemplate<class type> constexpr typename std::enable_if<std::is_same<T, bool>::value, const bool&>::type rclcpp::ParameterValue::get() const[m[K’
[2.375s]   254 |   [01;36m[Kget[m[K() const
[2.375s]       |   [01;36m[K^~~[m[K
[2.376s] [01m[K/opt/ros/foxy/include/rclcpp/parameter_value.hpp:254:3:[m[K [01;36m[Knote: [m[K  template argument deduction/substitution failed:
[2.376s] /opt/ros/foxy/include/rclcpp/parameter_value.hpp: In substitution of ‘[01m[Ktemplate<class type> constexpr typename std::enable_if<std::is_same<T, bool>::value, const bool&>::type rclcpp::ParameterValue::get() const [with type = rclcpp::ParameterType][m[K’:
[2.376s] [01m[K/opt/ros/foxy/include/rclcpp/node_impl.hpp:169:23:[m[K   required from ‘[01m[Kauto rclcpp::Node::declare_parameter(const string&, const ParameterT&, const ParameterDescriptor&, bool) [with ParameterT = rclcpp::ParameterType; std::string = std::__cxx11::basic_string<char>; rcl_interfaces::msg::ParameterDescriptor = rcl_interfaces::msg::ParameterDescriptor_<std::allocator<void> >][m[K’
[2.376s] [01m[K/home/judson35/lab1_ws/src/lab1_pkg/src/talker.cpp:26:77:[m[K   required from here
[2.376s] [01m[K/opt/ros/foxy/include/rclcpp/parameter_value.hpp:254:3:[m[K [01;31m[Kerror: [m[Kno type named ‘[01m[Ktype[m[K’ in ‘[01m[Kstruct std::enable_if<false, const bool&>[m[K’
[2.376s] /opt/ros/foxy/include/rclcpp/node_impl.hpp: In instantiation of ‘[01m[Kauto rclcpp::Node::declare_parameter(const string&, const ParameterT&, const ParameterDescriptor&, bool) [with ParameterT = rclcpp::ParameterType; std::string = std::__cxx11::basic_string<char>; rcl_interfaces::msg::ParameterDescriptor = rcl_interfaces::msg::ParameterDescriptor_<std::allocator<void> >][m[K’:
[2.376s] [01m[K/home/judson35/lab1_ws/src/lab1_pkg/src/talker.cpp:26:77:[m[K   required from here
[2.377s] [01m[K/opt/ros/foxy/include/rclcpp/parameter_value.hpp:263:3:[m[K [01;36m[Knote: [m[Kcandidate: ‘[01m[Ktemplate<class type> constexpr typename std::enable_if<(std::is_integral<_Tp>::value && (! std::is_same<T, bool>::value)), const long int&>::type rclcpp::ParameterValue::get() const[m[K’
[2.377s]   263 |   [01;36m[Kget[m[K() const
[2.377s]       |   [01;36m[K^~~[m[K
[2.377s] [01m[K/opt/ros/foxy/include/rclcpp/parameter_value.hpp:263:3:[m[K [01;36m[Knote: [m[K  template argument deduction/substitution failed:
[2.377s] /opt/ros/foxy/include/rclcpp/parameter_value.hpp: In substitution of ‘[01m[Ktemplate<class type> constexpr typename std::enable_if<(std::is_integral<_Tp>::value && (! std::is_same<T, bool>::value)), const long int&>::type rclcpp::ParameterValue::get() const [with type = rclcpp::ParameterType][m[K’:
[2.377s] [01m[K/opt/ros/foxy/include/rclcpp/node_impl.hpp:169:23:[m[K   required from ‘[01m[Kauto rclcpp::Node::declare_parameter(const string&, const ParameterT&, const ParameterDescriptor&, bool) [with ParameterT = rclcpp::ParameterType; std::string = std::__cxx11::basic_string<char>; rcl_interfaces::msg::ParameterDescriptor = rcl_interfaces::msg::ParameterDescriptor_<std::allocator<void> >][m[K’
[2.377s] [01m[K/home/judson35/lab1_ws/src/lab1_pkg/src/talker.cpp:26:77:[m[K   required from here
[2.378s] [01m[K/opt/ros/foxy/include/rclcpp/parameter_value.hpp:263:3:[m[K [01;31m[Kerror: [m[Kno type named ‘[01m[Ktype[m[K’ in ‘[01m[Kstruct std::enable_if<false, const long int&>[m[K’
[2.378s] /opt/ros/foxy/include/rclcpp/node_impl.hpp: In instantiation of ‘[01m[Kauto rclcpp::Node::declare_parameter(const string&, const ParameterT&, const ParameterDescriptor&, bool) [with ParameterT = rclcpp::ParameterType; std::string = std::__cxx11::basic_string<char>; rcl_interfaces::msg::ParameterDescriptor = rcl_interfaces::msg::ParameterDescriptor_<std::allocator<void> >][m[K’:
[2.378s] [01m[K/home/judson35/lab1_ws/src/lab1_pkg/src/talker.cpp:26:77:[m[K   required from here
[2.378s] [01m[K/opt/ros/foxy/include/rclcpp/parameter_value.hpp:271:3:[m[K [01;36m[Knote: [m[Kcandidate: ‘[01m[Ktemplate<class type> constexpr typename std::enable_if<std::is_floating_point<_Tp>::value, const double&>::type rclcpp::ParameterValue::get() const[m[K’
[2.378s]   271 |   [01;36m[Kget[m[K() const
[2.378s]       |   [01;36m[K^~~[m[K
[2.378s] [01m[K/opt/ros/foxy/include/rclcpp/parameter_value.hpp:271:3:[m[K [01;36m[Knote: [m[K  template argument deduction/substitution failed:
[2.378s] /opt/ros/foxy/include/rclcpp/parameter_value.hpp: In substitution of ‘[01m[Ktemplate<class type> constexpr typename std::enable_if<std::is_floating_point<_Tp>::value, const double&>::type rclcpp::ParameterValue::get() const [with type = rclcpp::ParameterType][m[K’:
[2.379s] [01m[K/opt/ros/foxy/include/rclcpp/node_impl.hpp:169:23:[m[K   required from ‘[01m[Kauto rclcpp::Node::declare_parameter(const string&, const ParameterT&, const ParameterDescriptor&, bool) [with ParameterT = rclcpp::ParameterType; std::string = std::__cxx11::basic_string<char>; rcl_interfaces::msg::ParameterDescriptor = rcl_interfaces::msg::ParameterDescriptor_<std::allocator<void> >][m[K’
[2.379s] [01m[K/home/judson35/lab1_ws/src/lab1_pkg/src/talker.cpp:26:77:[m[K   required from here
[2.379s] [01m[K/opt/ros/foxy/include/rclcpp/parameter_value.hpp:271:3:[m[K [01;31m[Kerror: [m[Kno type named ‘[01m[Ktype[m[K’ in ‘[01m[Kstruct std::enable_if<false, const double&>[m[K’
[2.379s] /opt/ros/foxy/include/rclcpp/node_impl.hpp: In instantiation of ‘[01m[Kauto rclcpp::Node::declare_parameter(const string&, const ParameterT&, const ParameterDescriptor&, bool) [with ParameterT = rclcpp::ParameterType; std::string = std::__cxx11::basic_string<char>; rcl_interfaces::msg::ParameterDescriptor = rcl_interfaces::msg::ParameterDescriptor_<std::allocator<void> >][m[K’:
[2.379s] [01m[K/home/judson35/lab1_ws/src/lab1_pkg/src/talker.cpp:26:77:[m[K   required from here
[2.379s] [01m[K/opt/ros/foxy/include/rclcpp/parameter_value.hpp:279:3:[m[K [01;36m[Knote: [m[Kcandidate: ‘[01m[Ktemplate<class type> constexpr typename std::enable_if<std::is_convertible<type, std::__cxx11::basic_string<char> >::value, const std::__cxx11::basic_string<char>&>::type rclcpp::ParameterValue::get() const[m[K’
[2.379s]   279 |   [01;36m[Kget[m[K() const
[2.379s]       |   [01;36m[K^~~[m[K
[2.380s] [01m[K/opt/ros/foxy/include/rclcpp/parameter_value.hpp:279:3:[m[K [01;36m[Knote: [m[K  template argument deduction/substitution failed:
[2.380s] /opt/ros/foxy/include/rclcpp/parameter_value.hpp: In substitution of ‘[01m[Ktemplate<class type> constexpr typename std::enable_if<std::is_convertible<type, std::__cxx11::basic_string<char> >::value, const std::__cxx11::basic_string<char>&>::type rclcpp::ParameterValue::get() const [with type = rclcpp::ParameterType][m[K’:
[2.380s] [01m[K/opt/ros/foxy/include/rclcpp/node_impl.hpp:169:23:[m[K   required from ‘[01m[Kauto rclcpp::Node::declare_parameter(const string&, const ParameterT&, const ParameterDescriptor&, bool) [with ParameterT = rclcpp::ParameterType; std::string = std::__cxx11::basic_string<char>; rcl_interfaces::msg::ParameterDescriptor = rcl_interfaces::msg::ParameterDescriptor_<std::allocator<void> >][m[K’
[2.380s] [01m[K/home/judson35/lab1_ws/src/lab1_pkg/src/talker.cpp:26:77:[m[K   required from here
[2.380s] [01m[K/opt/ros/foxy/include/rclcpp/parameter_value.hpp:279:3:[m[K [01;31m[Kerror: [m[Kno type named ‘[01m[Ktype[m[K’ in ‘[01m[Kstruct std::enable_if<false, const std::__cxx11::basic_string<char>&>[m[K’
[2.380s] /opt/ros/foxy/include/rclcpp/node_impl.hpp: In instantiation of ‘[01m[Kauto rclcpp::Node::declare_parameter(const string&, const ParameterT&, const ParameterDescriptor&, bool) [with ParameterT = rclcpp::ParameterType; std::string = std::__cxx11::basic_string<char>; rcl_interfaces::msg::ParameterDescriptor = rcl_interfaces::msg::ParameterDescriptor_<std::allocator<void> >][m[K’:
[2.380s] [01m[K/home/judson35/lab1_ws/src/lab1_pkg/src/talker.cpp:26:77:[m[K   required from here
[2.380s] [01m[K/opt/ros/foxy/include/rclcpp/parameter_value.hpp:289:3:[m[K [01;36m[Knote: [m[Kcandidate: ‘[01m[Ktemplate<class type> constexpr typename std::enable_if<std::is_convertible<type, const std::vector<unsigned char, std::allocator<unsigned char> >&>::value, const std::vector<unsigned char, std::allocator<unsigned char> >&>::type rclcpp::ParameterValue::get() const[m[K’
[2.380s]   289 |   [01;36m[Kget[m[K() const
[2.381s]       |   [01;36m[K^~~[m[K
[2.381s] [01m[K/opt/ros/foxy/include/rclcpp/parameter_value.hpp:289:3:[m[K [01;36m[Knote: [m[K  template argument deduction/substitution failed:
[2.381s] /opt/ros/foxy/include/rclcpp/parameter_value.hpp: In substitution of ‘[01m[Ktemplate<class type> constexpr typename std::enable_if<std::is_convertible<type, const std::vector<unsigned char, std::allocator<unsigned char> >&>::value, const std::vector<unsigned char, std::allocator<unsigned char> >&>::type rclcpp::ParameterValue::get() const [with type = rclcpp::ParameterType][m[K’:
[2.381s] [01m[K/opt/ros/foxy/include/rclcpp/node_impl.hpp:169:23:[m[K   required from ‘[01m[Kauto rclcpp::Node::declare_parameter(const string&, const ParameterT&, const ParameterDescriptor&, bool) [with ParameterT = rclcpp::ParameterType; std::string = std::__cxx11::basic_string<char>; rcl_interfaces::msg::ParameterDescriptor = rcl_interfaces::msg::ParameterDescriptor_<std::allocator<void> >][m[K’
[2.381s] [01m[K/home/judson35/lab1_ws/src/lab1_pkg/src/talker.cpp:26:77:[m[K   required from here
[2.381s] [01m[K/opt/ros/foxy/include/rclcpp/parameter_value.hpp:289:3:[m[K [01;31m[Kerror: [m[Kno type named ‘[01m[Ktype[m[K’ in ‘[01m[Kstruct std::enable_if<false, const std::vector<unsigned char, std::allocator<unsigned char> >&>[m[K’
[2.381s] /opt/ros/foxy/include/rclcpp/node_impl.hpp: In instantiation of ‘[01m[Kauto rclcpp::Node::declare_parameter(const string&, const ParameterT&, const ParameterDescriptor&, bool) [with ParameterT = rclcpp::ParameterType; std::string = std::__cxx11::basic_string<char>; rcl_interfaces::msg::ParameterDescriptor = rcl_interfaces::msg::ParameterDescriptor_<std::allocator<void> >][m[K’:
[2.381s] [01m[K/home/judson35/lab1_ws/src/lab1_pkg/src/talker.cpp:26:77:[m[K   required from here
[2.382s] [01m[K/opt/ros/foxy/include/rclcpp/parameter_value.hpp:299:3:[m[K [01;36m[Knote: [m[Kcandidate: ‘[01m[Ktemplate<class type> constexpr typename std::enable_if<std::is_convertible<type, const std::vector<bool, std::allocator<bool> >&>::value, const std::vector<bool, std::allocator<bool> >&>::type rclcpp::ParameterValue::get() const[m[K’
[2.382s]   299 |   [01;36m[Kget[m[K() const
[2.382s]       |   [01;36m[K^~~[m[K
[2.382s] [01m[K/opt/ros/foxy/include/rclcpp/parameter_value.hpp:299:3:[m[K [01;36m[Knote: [m[K  template argument deduction/substitution failed:
[2.382s] /opt/ros/foxy/include/rclcpp/parameter_value.hpp: In substitution of ‘[01m[Ktemplate<class type> constexpr typename std::enable_if<std::is_convertible<type, const std::vector<bool, std::allocator<bool> >&>::value, const std::vector<bool, std::allocator<bool> >&>::type rclcpp::ParameterValue::get() const [with type = rclcpp::ParameterType][m[K’:
[2.382s] [01m[K/opt/ros/foxy/include/rclcpp/node_impl.hpp:169:23:[m[K   required from ‘[01m[Kauto rclcpp::Node::declare_parameter(const string&, const ParameterT&, const ParameterDescriptor&, bool) [with ParameterT = rclcpp::ParameterType; std::string = std::__cxx11::basic_string<char>; rcl_interfaces::msg::ParameterDescriptor = rcl_interfaces::msg::ParameterDescriptor_<std::allocator<void> >][m[K’
[2.382s] [01m[K/home/judson35/lab1_ws/src/lab1_pkg/src/talker.cpp:26:77:[m[K   required from here
[2.382s] [01m[K/opt/ros/foxy/include/rclcpp/parameter_value.hpp:299:3:[m[K [01;31m[Kerror: [m[Kno type named ‘[01m[Ktype[m[K’ in ‘[01m[Kstruct std::enable_if<false, const std::vector<bool, std::allocator<bool> >&>[m[K’
[2.382s] /opt/ros/foxy/include/rclcpp/node_impl.hpp: In instantiation of ‘[01m[Kauto rclcpp::Node::declare_parameter(const string&, const ParameterT&, const ParameterDescriptor&, bool) [with ParameterT = rclcpp::ParameterType; std::string = std::__cxx11::basic_string<char>; rcl_interfaces::msg::ParameterDescriptor = rcl_interfaces::msg::ParameterDescriptor_<std::allocator<void> >][m[K’:
[2.383s] [01m[K/home/judson35/lab1_ws/src/lab1_pkg/src/talker.cpp:26:77:[m[K   required from here
[2.383s] [01m[K/opt/ros/foxy/include/rclcpp/parameter_value.hpp:309:3:[m[K [01;36m[Knote: [m[Kcandidate: ‘[01m[Ktemplate<class type> constexpr typename std::enable_if<std::is_convertible<type, const std::vector<long int, std::allocator<long int> >&>::value, const std::vector<long int, std::allocator<long int> >&>::type rclcpp::ParameterValue::get() const[m[K’
[2.383s]   309 |   [01;36m[Kget[m[K() const
[2.383s]       |   [01;36m[K^~~[m[K
[2.383s] [01m[K/opt/ros/foxy/include/rclcpp/parameter_value.hpp:309:3:[m[K [01;36m[Knote: [m[K  template argument deduction/substitution failed:
[2.383s] /opt/ros/foxy/include/rclcpp/parameter_value.hpp: In substitution of ‘[01m[Ktemplate<class type> constexpr typename std::enable_if<std::is_convertible<type, const std::vector<long int, std::allocator<long int> >&>::value, const std::vector<long int, std::allocator<long int> >&>::type rclcpp::ParameterValue::get() const [with type = rclcpp::ParameterType][m[K’:
[2.383s] [01m[K/opt/ros/foxy/include/rclcpp/node_impl.hpp:169:23:[m[K   required from ‘[01m[Kauto rclcpp::Node::declare_parameter(const string&, const ParameterT&, const ParameterDescriptor&, bool) [with ParameterT = rclcpp::ParameterType; std::string = std::__cxx11::basic_string<char>; rcl_interfaces::msg::ParameterDescriptor = rcl_interfaces::msg::ParameterDescriptor_<std::allocator<void> >][m[K’
[2.383s] [01m[K/home/judson35/lab1_ws/src/lab1_pkg/src/talker.cpp:26:77:[m[K   required from here
[2.384s] [01m[K/opt/ros/foxy/include/rclcpp/parameter_value.hpp:309:3:[m[K [01;31m[Kerror: [m[Kno type named ‘[01m[Ktype[m[K’ in ‘[01m[Kstruct std::enable_if<false, const std::vector<long int, std::allocator<long int> >&>[m[K’
[2.384s] /opt/ros/foxy/include/rclcpp/node_impl.hpp: In instantiation of ‘[01m[Kauto rclcpp::Node::declare_parameter(const string&, const ParameterT&, const ParameterDescriptor&, bool) [with ParameterT = rclcpp::ParameterType; std::string = std::__cxx11::basic_string<char>; rcl_interfaces::msg::ParameterDescriptor = rcl_interfaces::msg::ParameterDescriptor_<std::allocator<void> >][m[K’:
[2.384s] [01m[K/home/judson35/lab1_ws/src/lab1_pkg/src/talker.cpp:26:77:[m[K   required from here
[2.384s] [01m[K/opt/ros/foxy/include/rclcpp/parameter_value.hpp:319:3:[m[K [01;36m[Knote: [m[Kcandidate: ‘[01m[Ktemplate<class type> constexpr typename std::enable_if<std::is_convertible<type, const std::vector<double, std::allocator<double> >&>::value, const std::vector<double, std::allocator<double> >&>::type rclcpp::ParameterValue::get() const[m[K’
[2.384s]   319 |   [01;36m[Kget[m[K() const
[2.384s]       |   [01;36m[K^~~[m[K
[2.384s] [01m[K/opt/ros/foxy/include/rclcpp/parameter_value.hpp:319:3:[m[K [01;36m[Knote: [m[K  template argument deduction/substitution failed:
[2.384s] /opt/ros/foxy/include/rclcpp/parameter_value.hpp: In substitution of ‘[01m[Ktemplate<class type> constexpr typename std::enable_if<std::is_convertible<type, const std::vector<double, std::allocator<double> >&>::value, const std::vector<double, std::allocator<double> >&>::type rclcpp::ParameterValue::get() const [with type = rclcpp::ParameterType][m[K’:
[2.384s] [01m[K/opt/ros/foxy/include/rclcpp/node_impl.hpp:169:23:[m[K   required from ‘[01m[Kauto rclcpp::Node::declare_parameter(const string&, const ParameterT&, const ParameterDescriptor&, bool) [with ParameterT = rclcpp::ParameterType; std::string = std::__cxx11::basic_string<char>; rcl_interfaces::msg::ParameterDescriptor = rcl_interfaces::msg::ParameterDescriptor_<std::allocator<void> >][m[K’
[2.385s] [01m[K/home/judson35/lab1_ws/src/lab1_pkg/src/talker.cpp:26:77:[m[K   required from here
[2.385s] [01m[K/opt/ros/foxy/include/rclcpp/parameter_value.hpp:319:3:[m[K [01;31m[Kerror: [m[Kno type named ‘[01m[Ktype[m[K’ in ‘[01m[Kstruct std::enable_if<false, const std::vector<double, std::allocator<double> >&>[m[K’
[2.385s] /opt/ros/foxy/include/rclcpp/node_impl.hpp: In instantiation of ‘[01m[Kauto rclcpp::Node::declare_parameter(const string&, const ParameterT&, const ParameterDescriptor&, bool) [with ParameterT = rclcpp::ParameterType; std::string = std::__cxx11::basic_string<char>; rcl_interfaces::msg::ParameterDescriptor = rcl_interfaces::msg::ParameterDescriptor_<std::allocator<void> >][m[K’:
[2.385s] [01m[K/home/judson35/lab1_ws/src/lab1_pkg/src/talker.cpp:26:77:[m[K   required from here
[2.385s] [01m[K/opt/ros/foxy/include/rclcpp/parameter_value.hpp:329:3:[m[K [01;36m[Knote: [m[Kcandidate: ‘[01m[Ktemplate<class type> constexpr typename std::enable_if<std::is_convertible<type, const std::vector<std::__cxx11::basic_string<char> >&>::value, const std::vector<std::__cxx11::basic_string<char> >&>::type rclcpp::ParameterValue::get() const[m[K’
[2.385s]   329 |   [01;36m[Kget[m[K() const
[2.385s]       |   [01;36m[K^~~[m[K
[2.385s] [01m[K/opt/ros/foxy/include/rclcpp/parameter_value.hpp:329:3:[m[K [01;36m[Knote: [m[K  template argument deduction/substitution failed:
[2.385s] /opt/ros/foxy/include/rclcpp/parameter_value.hpp: In substitution of ‘[01m[Ktemplate<class type> constexpr typename std::enable_if<std::is_convertible<type, const std::vector<std::__cxx11::basic_string<char> >&>::value, const std::vector<std::__cxx11::basic_string<char> >&>::type rclcpp::ParameterValue::get() const [with type = rclcpp::ParameterType][m[K’:
[2.386s] [01m[K/opt/ros/foxy/include/rclcpp/node_impl.hpp:169:23:[m[K   required from ‘[01m[Kauto rclcpp::Node::declare_parameter(const string&, const ParameterT&, const ParameterDescriptor&, bool) [with ParameterT = rclcpp::ParameterType; std::string = std::__cxx11::basic_string<char>; rcl_interfaces::msg::ParameterDescriptor = rcl_interfaces::msg::ParameterDescriptor_<std::allocator<void> >][m[K’
[2.386s] [01m[K/home/judson35/lab1_ws/src/lab1_pkg/src/talker.cpp:26:77:[m[K   required from here
[2.386s] [01m[K/opt/ros/foxy/include/rclcpp/parameter_value.hpp:329:3:[m[K [01;31m[Kerror: [m[Kno type named ‘[01m[Ktype[m[K’ in ‘[01m[Kstruct std::enable_if<false, const std::vector<std::__cxx11::basic_string<char> >&>[m[K’
[3.900s] make[2]: *** [CMakeFiles/talker.dir/build.make:63: CMakeFiles/talker.dir/src/talker.cpp.o] Error 1
[3.900s] make[1]: *** [CMakeFiles/Makefile2:107: CMakeFiles/talker.dir/all] Error 2
[3.901s] make: *** [Makefile:141: all] Error 2
[3.904s] Invoked command in '/home/judson35/lab1_ws/build/lab1_pkg' returned '2': CMAKE_PREFIX_PATH=/home/judson35/lab1_ws/install/lab1_pkg:/opt/ros/foxy:/opt/ros/noetic /usr/bin/cmake --build /home/judson35/lab1_ws/build/lab1_pkg -- -j8 -l8
