[0.027s] Invoking command in '/home/judson35/lab1_ws/build/lab1_pkg': CMAKE_PREFIX_PATH=/opt/ros/foxy:${CMAKE_PREFIX_PATH} /usr/bin/cmake /home/judson35/lab1_ws/src/lab1_pkg -DCMAKE_INSTALL_PREFIX=/home/judson35/lab1_ws/install/lab1_pkg
[0.113s] -- The C compiler identification is GNU 9.4.0
[0.258s] -- The CXX compiler identification is GNU 9.4.0
[0.275s] -- Check for working C compiler: /usr/bin/cc
[0.440s] -- Check for working C compiler: /usr/bin/cc -- works
[0.446s] -- Detecting C compiler ABI info
[0.722s] -- Detecting C compiler ABI info - done
[0.774s] -- Detecting C compile features
[0.775s] -- Detecting C compile features - done
[0.784s] -- Check for working CXX compiler: /usr/bin/c++
[0.966s] -- Check for working CXX compiler: /usr/bin/c++ -- works
[0.968s] -- Detecting CXX compiler ABI info
[1.101s] -- Detecting CXX compiler ABI info - done
[1.123s] -- Detecting CXX compile features
[1.125s] -- Detecting CXX compile features - done
[1.128s] -- Found ament_cmake: 0.9.12 (/opt/ros/foxy/share/ament_cmake/cmake)
[1.174s] -- Found PythonInterp: /usr/bin/python3 (found suitable version "3.8.10", minimum required is "3") 
[1.175s] -- Using PYTHON_EXECUTABLE: /usr/bin/python3
[1.624s] -- Found ackermann_msgs: 2.0.2 (/opt/ros/foxy/share/ackermann_msgs/cmake)
[1.698s] -- Using all available rosidl_typesupport_c: rosidl_typesupport_fastrtps_c;rosidl_typesupport_introspection_c
[1.717s] -- Found rosidl_adapter: 1.3.1 (/opt/ros/foxy/share/rosidl_adapter/cmake)
[1.874s] -- Found OpenSSL: /usr/lib/x86_64-linux-gnu/libcrypto.so (found version "1.1.1f")  
[1.925s] -- Found FastRTPS: /opt/ros/foxy/include  
[2.062s] -- Using all available rosidl_typesupport_cpp: rosidl_typesupport_fastrtps_cpp;rosidl_typesupport_introspection_cpp
[2.226s] -- Found rclcpp: 2.4.3 (/opt/ros/foxy/share/rclcpp/cmake)
[2.297s] -- Found rmw_implementation_cmake: 1.0.4 (/opt/ros/foxy/share/rmw_implementation_cmake/cmake)
[2.300s] -- Using RMW implementation 'rmw_fastrtps_cpp' as default
[2.301s] -- Looking for pthread.h
[2.454s] -- Looking for pthread.h - found
[2.455s] -- Performing Test CMAKE_HAVE_LIBC_PTHREAD
[2.698s] -- Performing Test CMAKE_HAVE_LIBC_PTHREAD - Failed
[2.699s] -- Looking for pthread_create in pthreads
[2.810s] -- Looking for pthread_create in pthreads - not found
[2.810s] -- Looking for pthread_create in pthread
[2.923s] -- Looking for pthread_create in pthread - found
[2.925s] -- Found Threads: TRUE  
[3.199s] -- Found rclpy: 1.0.13 (/opt/ros/foxy/share/rclpy/cmake)
[3.202s] -- Found ament_lint_auto: 0.9.8 (/opt/ros/foxy/share/ament_lint_auto/cmake)
[3.325s] CMake Error at CMakeLists.txt:45 (install):
[3.326s]   install does not recognize sub-command TARGET
[3.326s] 
[3.326s] 
[3.331s] -- Added test 'copyright' to check source files copyright and LICENSE
[3.333s] -- Added test 'cppcheck' to perform static code analysis on C / C++ code
[3.333s] -- Configured cppcheck include dirs: 
[3.334s] -- Configured cppcheck exclude dirs and/or files: 
[3.335s] -- Added test 'cpplint' to check C / C++ code against the Google style
[3.335s] -- Configured cpplint exclude dirs and/or files: 
[3.336s] -- Added test 'flake8' to check Python code syntax and style conventions
[3.337s] -- Added test 'lint_cmake' to check CMake code style
[3.338s] -- Added test 'pep257' to check Python code against some of the style conventions in PEP 257
[3.339s] -- Added test 'uncrustify' to check C / C++ code style
[3.339s] -- Configured uncrustify additional arguments: 
[3.340s] -- Added test 'xmllint' to check XML markup files
[3.345s] -- Configuring incomplete, errors occurred!
[3.345s] See also "/home/judson35/lab1_ws/build/lab1_pkg/CMakeFiles/CMakeOutput.log".
[3.345s] See also "/home/judson35/lab1_ws/build/lab1_pkg/CMakeFiles/CMakeError.log".
[3.358s] Invoked command in '/home/judson35/lab1_ws/build/lab1_pkg' returned '1': CMAKE_PREFIX_PATH=/opt/ros/foxy:${CMAKE_PREFIX_PATH} /usr/bin/cmake /home/judson35/lab1_ws/src/lab1_pkg -DCMAKE_INSTALL_PREFIX=/home/judson35/lab1_ws/install/lab1_pkg
