[0.034s] Invoking command in '/home/judson35/lab1_ws/build/lab1_pkg': CMAKE_PREFIX_PATH=/home/judson35/lab1_ws/install/lab1_pkg:/opt/ros/foxy:/opt/ros/noetic /usr/bin/cmake --build /home/judson35/lab1_ws/build/lab1_pkg -- -j8 -l8
[0.103s] [35m[1mScanning dependencies of target talker[0m
[0.141s] [ 50%] Built target relay
[0.155s] [ 75%] [32mBuilding CXX object CMakeFiles/talker.dir/src/talker.cpp.o[0m
[5.544s] [100%] [32m[1mLinking CXX executable talker[0m
[5.816s] [100%] Built target talker
[5.837s] Invoked command in '/home/judson35/lab1_ws/build/lab1_pkg' returned '0': CMAKE_PREFIX_PATH=/home/judson35/lab1_ws/install/lab1_pkg:/opt/ros/foxy:/opt/ros/noetic /usr/bin/cmake --build /home/judson35/lab1_ws/build/lab1_pkg -- -j8 -l8
[5.956s] Invoking command in '/home/judson35/lab1_ws/build/lab1_pkg': CMAKE_PREFIX_PATH=/home/judson35/lab1_ws/install/lab1_pkg:/opt/ros/foxy:/opt/ros/noetic /usr/bin/cmake --install /home/judson35/lab1_ws/build/lab1_pkg
[5.981s] -- Install configuration: ""
[5.982s] -- Installing: /home/judson35/lab1_ws/install/lab1_pkg/lib/lab1_pkg/talker
[5.984s] -- Set runtime path of "/home/judson35/lab1_ws/install/lab1_pkg/lib/lab1_pkg/talker" to ""
[5.985s] -- Up-to-date: /home/judson35/lab1_ws/install/lab1_pkg/lib/lab1_pkg/relay
[5.986s] -- Up-to-date: /home/judson35/lab1_ws/install/lab1_pkg/share/ament_index/resource_index/package_run_dependencies/lab1_pkg
[5.986s] -- Up-to-date: /home/judson35/lab1_ws/install/lab1_pkg/share/ament_index/resource_index/parent_prefix_path/lab1_pkg
[5.987s] -- Up-to-date: /home/judson35/lab1_ws/install/lab1_pkg/share/lab1_pkg/environment/ament_prefix_path.sh
[5.987s] -- Up-to-date: /home/judson35/lab1_ws/install/lab1_pkg/share/lab1_pkg/environment/ament_prefix_path.dsv
[5.988s] -- Up-to-date: /home/judson35/lab1_ws/install/lab1_pkg/share/lab1_pkg/environment/path.sh
[5.988s] -- Up-to-date: /home/judson35/lab1_ws/install/lab1_pkg/share/lab1_pkg/environment/path.dsv
[5.989s] -- Up-to-date: /home/judson35/lab1_ws/install/lab1_pkg/share/lab1_pkg/local_setup.bash
[5.989s] -- Up-to-date: /home/judson35/lab1_ws/install/lab1_pkg/share/lab1_pkg/local_setup.sh
[5.989s] -- Up-to-date: /home/judson35/lab1_ws/install/lab1_pkg/share/lab1_pkg/local_setup.zsh
[5.990s] -- Up-to-date: /home/judson35/lab1_ws/install/lab1_pkg/share/lab1_pkg/local_setup.dsv
[5.990s] -- Installing: /home/judson35/lab1_ws/install/lab1_pkg/share/lab1_pkg/package.dsv
[5.990s] -- Up-to-date: /home/judson35/lab1_ws/install/lab1_pkg/share/ament_index/resource_index/packages/lab1_pkg
[5.991s] -- Up-to-date: /home/judson35/lab1_ws/install/lab1_pkg/share/lab1_pkg/cmake/lab1_pkgConfig.cmake
[5.991s] -- Up-to-date: /home/judson35/lab1_ws/install/lab1_pkg/share/lab1_pkg/cmake/lab1_pkgConfig-version.cmake
[5.992s] -- Up-to-date: /home/judson35/lab1_ws/install/lab1_pkg/share/lab1_pkg/package.xml
[5.996s] Invoked command in '/home/judson35/lab1_ws/build/lab1_pkg' returned '0': CMAKE_PREFIX_PATH=/home/judson35/lab1_ws/install/lab1_pkg:/opt/ros/foxy:/opt/ros/noetic /usr/bin/cmake --install /home/judson35/lab1_ws/build/lab1_pkg
