[0.032s] Invoking command in '/home/judson35/lab1_ws/build/lab1_pkg': CMAKE_PREFIX_PATH=/home/judson35/lab1_ws/install/lab1_pkg:/opt/ros/foxy:/opt/ros/noetic /usr/bin/cmake --build /home/judson35/lab1_ws/build/lab1_pkg -- -j8 -l8
[0.102s] [35m[1mScanning dependencies of target talker[0m
[0.102s] [35m[1mScanning dependencies of target relay[0m
[0.147s] [ 25%] [32mBuilding CXX object CMakeFiles/talker.dir/src/talker.cpp.o[0m
[0.150s] [ 50%] [32mBuilding CXX object CMakeFiles/relay.dir/src/relay.cpp.o[0m
[5.921s] [ 75%] [32m[1mLinking CXX executable talker[0m
[6.208s] [ 75%] Built target talker
[9.382s] [100%] [32m[1mLinking CXX executable relay[0m
[9.835s] [100%] Built target relay
[9.853s] Invoked command in '/home/judson35/lab1_ws/build/lab1_pkg' returned '0': CMAKE_PREFIX_PATH=/home/judson35/lab1_ws/install/lab1_pkg:/opt/ros/foxy:/opt/ros/noetic /usr/bin/cmake --build /home/judson35/lab1_ws/build/lab1_pkg -- -j8 -l8
[9.914s] Invoking command in '/home/judson35/lab1_ws/build/lab1_pkg': CMAKE_PREFIX_PATH=/home/judson35/lab1_ws/install/lab1_pkg:/opt/ros/foxy:/opt/ros/noetic /usr/bin/cmake --install /home/judson35/lab1_ws/build/lab1_pkg
[9.927s] -- Install configuration: ""
[9.928s] -- Installing: /home/judson35/lab1_ws/install/lab1_pkg/lib/lab1_pkg/talker
[9.929s] -- Set runtime path of "/home/judson35/lab1_ws/install/lab1_pkg/lib/lab1_pkg/talker" to ""
[9.929s] -- Installing: /home/judson35/lab1_ws/install/lab1_pkg/lib/lab1_pkg/relay
[9.932s] -- Set runtime path of "/home/judson35/lab1_ws/install/lab1_pkg/lib/lab1_pkg/relay" to ""
[9.933s] -- Up-to-date: /home/judson35/lab1_ws/install/lab1_pkg/share/lab1_pkg/launch
[9.933s] -- Installing: /home/judson35/lab1_ws/install/lab1_pkg/share/lab1_pkg/launch/lab1_launch.py
[9.933s] -- Up-to-date: /home/judson35/lab1_ws/install/lab1_pkg/share/ament_index/resource_index/package_run_dependencies/lab1_pkg
[9.933s] -- Up-to-date: /home/judson35/lab1_ws/install/lab1_pkg/share/ament_index/resource_index/parent_prefix_path/lab1_pkg
[9.933s] -- Up-to-date: /home/judson35/lab1_ws/install/lab1_pkg/share/lab1_pkg/environment/ament_prefix_path.sh
[9.934s] -- Up-to-date: /home/judson35/lab1_ws/install/lab1_pkg/share/lab1_pkg/environment/ament_prefix_path.dsv
[9.934s] -- Up-to-date: /home/judson35/lab1_ws/install/lab1_pkg/share/lab1_pkg/environment/path.sh
[9.934s] -- Up-to-date: /home/judson35/lab1_ws/install/lab1_pkg/share/lab1_pkg/environment/path.dsv
[9.934s] -- Up-to-date: /home/judson35/lab1_ws/install/lab1_pkg/share/lab1_pkg/local_setup.bash
[9.934s] -- Up-to-date: /home/judson35/lab1_ws/install/lab1_pkg/share/lab1_pkg/local_setup.sh
[9.934s] -- Up-to-date: /home/judson35/lab1_ws/install/lab1_pkg/share/lab1_pkg/local_setup.zsh
[9.934s] -- Up-to-date: /home/judson35/lab1_ws/install/lab1_pkg/share/lab1_pkg/local_setup.dsv
[9.934s] -- Installing: /home/judson35/lab1_ws/install/lab1_pkg/share/lab1_pkg/package.dsv
[9.935s] -- Up-to-date: /home/judson35/lab1_ws/install/lab1_pkg/share/ament_index/resource_index/packages/lab1_pkg
[9.935s] -- Up-to-date: /home/judson35/lab1_ws/install/lab1_pkg/share/lab1_pkg/cmake/lab1_pkgConfig.cmake
[9.935s] -- Up-to-date: /home/judson35/lab1_ws/install/lab1_pkg/share/lab1_pkg/cmake/lab1_pkgConfig-version.cmake
[9.935s] -- Up-to-date: /home/judson35/lab1_ws/install/lab1_pkg/share/lab1_pkg/package.xml
[9.938s] Invoked command in '/home/judson35/lab1_ws/build/lab1_pkg' returned '0': CMAKE_PREFIX_PATH=/home/judson35/lab1_ws/install/lab1_pkg:/opt/ros/foxy:/opt/ros/noetic /usr/bin/cmake --install /home/judson35/lab1_ws/build/lab1_pkg
