[0.030s] Invoking command in '/home/judson35/lab1_ws/build/lab1_pkg': CMAKE_PREFIX_PATH=/home/judson35/lab1_ws/install/lab1_pkg:/opt/ros/foxy:/opt/ros/noetic /usr/bin/cmake --build /home/judson35/lab1_ws/build/lab1_pkg -- -j8 -l8
[0.094s] [35m[1mScanning dependencies of target talker[0m
[0.124s] [ 50%] Built target relay
[0.134s] [ 75%] [32mBuilding CXX object CMakeFiles/talker.dir/src/talker.cpp.o[0m
[2.489s] In file included from [01m[K/home/judson35/lab1_ws/src/lab1_pkg/src/talker.cpp:2[m[K:
[2.489s] /usr/include/c++/9/functional: In instantiation of ‘[01m[Kstruct std::_Bind_check_arity<void (Talker::*)(), Talker*, const std::_Placeholder<1>&>[m[K’:
[2.489s] [01m[K/usr/include/c++/9/functional:787:12:[m[K   required from ‘[01m[Kstruct std::_Bind_helper<false, void (Talker::*)(), Talker*, const std::_Placeholder<1>&>[m[K’
[2.489s] [01m[K/usr/include/c++/9/functional:808:5:[m[K   required by substitution of ‘[01m[Ktemplate<class _Func, class ... _BoundArgs> typename std::_Bind_helper<std::__is_socketlike<_Func>::value, _Func, _BoundArgs ...>::type std::bind(_Func&&, _BoundArgs&& ...) [with _Func = void (Talker::*)(); _BoundArgs = {Talker*, const std::_Placeholder<1>&}][m[K’
[2.489s] [01m[K/home/judson35/lab1_ws/src/lab1_pkg/src/talker.cpp:39:102:[m[K   required from here
[2.489s] [01m[K/usr/include/c++/9/functional:775:7:[m[K [01;31m[Kerror: [m[Kstatic assertion failed: Wrong number of arguments for pointer-to-member
[2.489s]   774 |       static_assert(_Varargs::[01;31m[Kvalue[m[K
[2.490s]       |                               [01;31m[K~~~~~[m[K
[2.490s]   775 | [01;31m[K      ? sizeof...(_BoundArgs) >= _Arity::value + 1[m[K
[2.490s]       |       [01;31m[K^~~~~~~~~~~~~~~~~~~~~~~~~~~~~~~~~~~~~~~~~~~~[m[K
[2.490s]   776 | [01;31m[K      : sizeof...(_BoundArgs) == _Arity::value + 1[m[K,
[2.490s]       |       [01;31m[K~~~~~~~~~~~~~~~~~~~~~~~~~~~~~~~~~~~~~~~~~~~~[m[K
[2.492s] In file included from [01m[K/usr/include/c++/9/functional:54[m[K,
[2.492s]                  from [01m[K/home/judson35/lab1_ws/src/lab1_pkg/src/talker.cpp:2[m[K:
[2.492s] /usr/include/c++/9/tuple: In instantiation of ‘[01m[Kstruct std::tuple_element<0, std::tuple<> >[m[K’:
[2.492s] [01m[K/opt/ros/foxy/include/rclcpp/function_traits.hpp:71:9:[m[K   required by substitution of ‘[01m[Ktemplate<class ReturnTypeT, class ... Args> template<long unsigned int N> using argument_type = typename std::tuple_element<N, std::tuple<_Elements ...> >::type [with long unsigned int N = 0; ReturnTypeT = void; Args = {}][m[K’
[2.492s] [01m[K/opt/ros/foxy/include/rclcpp/subscription_traits.hpp:97:8:[m[K   required from ‘[01m[Kstruct rclcpp::subscription_traits::has_message_type<std::_Bind<void (Talker::*(Talker*, std::_Placeholder<1>))()>, std::allocator<void>, void, void, void, void>[m[K’
[2.492s] [01m[K/opt/ros/foxy/include/rclcpp/node.hpp:204:5:[m[K   required by substitution of ‘[01m[Ktemplate<class MessageT, class CallbackT, class AllocatorT, class CallbackMessageT, class SubscriptionT, class MessageMemoryStrategyT> std::shared_ptr<SubscriptionT> rclcpp::Node::create_subscription(const string&, const rclcpp::QoS&, CallbackT&&, const rclcpp::SubscriptionOptionsWithAllocator<AllocatorT>&, typename MessageMemoryStrategyT::SharedPtr) [with MessageT = ackermann_msgs::msg::AckermannDriveStamped_<std::allocator<void> >; CallbackT = std::_Bind<void (Talker::*(Talker*, std::_Placeholder<1>))()>; AllocatorT = std::allocator<void>; CallbackMessageT = <missing>; SubscriptionT = <missing>; MessageMemoryStrategyT = <missing>][m[K’
[2.492s] [01m[K/home/judson35/lab1_ws/src/lab1_pkg/src/talker.cpp:39:103:[m[K   required from here
[2.493s] [01m[K/usr/include/c++/9/tuple:1303:25:[m[K [01;31m[Kerror: [m[Kstatic assertion failed: tuple index is in range
[2.493s]  1303 |       static_assert([01;31m[K__i < tuple_size<tuple<>>::value[m[K,
[2.493s]       |                     [01;31m[K~~~~^~~~~~~~~~~~~~~~~~~~~~~~~~~~[m[K
[2.493s] In file included from [01m[K/opt/ros/foxy/include/rclcpp/client.hpp:32[m[K,
[2.493s]                  from [01m[K/opt/ros/foxy/include/rclcpp/callback_group.hpp:23[m[K,
[2.493s]                  from [01m[K/opt/ros/foxy/include/rclcpp/any_executable.hpp:20[m[K,
[2.493s]                  from [01m[K/opt/ros/foxy/include/rclcpp/memory_strategy.hpp:24[m[K,
[2.493s]                  from [01m[K/opt/ros/foxy/include/rclcpp/memory_strategies.hpp:18[m[K,
[2.493s]                  from [01m[K/opt/ros/foxy/include/rclcpp/executor_options.hpp:20[m[K,
[2.494s]                  from [01m[K/opt/ros/foxy/include/rclcpp/executor.hpp:33[m[K,
[2.494s]                  from [01m[K/opt/ros/foxy/include/rclcpp/executors/multi_threaded_executor.hpp:26[m[K,
[2.494s]                  from [01m[K/opt/ros/foxy/include/rclcpp/executors.hpp:21[m[K,
[2.494s]                  from [01m[K/opt/ros/foxy/include/rclcpp/rclcpp.hpp:146[m[K,
[2.494s]                  from [01m[K/home/judson35/lab1_ws/src/lab1_pkg/src/talker.cpp:8[m[K:
[2.494s] /opt/ros/foxy/include/rclcpp/function_traits.hpp: In substitution of ‘[01m[Ktemplate<class ReturnTypeT, class ... Args> template<long unsigned int N> using argument_type = typename std::tuple_element<N, std::tuple<_Elements ...> >::type [with long unsigned int N = 0; ReturnTypeT = void; Args = {}][m[K’:
[2.494s] [01m[K/opt/ros/foxy/include/rclcpp/subscription_traits.hpp:97:8:[m[K   required from ‘[01m[Kstruct rclcpp::subscription_traits::has_message_type<std::_Bind<void (Talker::*(Talker*, std::_Placeholder<1>))()>, std::allocator<void>, void, void, void, void>[m[K’
[2.494s] [01m[K/opt/ros/foxy/include/rclcpp/node.hpp:204:5:[m[K   required by substitution of ‘[01m[Ktemplate<class MessageT, class CallbackT, class AllocatorT, class CallbackMessageT, class SubscriptionT, class MessageMemoryStrategyT> std::shared_ptr<SubscriptionT> rclcpp::Node::create_subscription(const string&, const rclcpp::QoS&, CallbackT&&, const rclcpp::SubscriptionOptionsWithAllocator<AllocatorT>&, typename MessageMemoryStrategyT::SharedPtr) [with MessageT = ackermann_msgs::msg::AckermannDriveStamped_<std::allocator<void> >; CallbackT = std::_Bind<void (Talker::*(Talker*, std::_Placeholder<1>))()>; AllocatorT = std::allocator<void>; CallbackMessageT = <missing>; SubscriptionT = <missing>; MessageMemoryStrategyT = <missing>][m[K’
[2.495s] [01m[K/home/judson35/lab1_ws/src/lab1_pkg/src/talker.cpp:39:103:[m[K   required from here
[2.495s] [01m[K/opt/ros/foxy/include/rclcpp/function_traits.hpp:71:9:[m[K [01;31m[Kerror: [m[Kno type named ‘[01m[Ktype[m[K’ in ‘[01m[Kstruct std::tuple_element<0, std::tuple<> >[m[K’
[2.495s]    71 |   using [01;31m[Kargument_type[m[K = typename std::tuple_element<N, arguments>::type;
[2.495s]       |         [01;31m[K^~~~~~~~~~~~~[m[K
[2.495s] [01m[K/home/judson35/lab1_ws/src/lab1_pkg/src/talker.cpp:[m[K In constructor ‘[01m[KTalker::Talker()[m[K’:
[2.495s] [01m[K/home/judson35/lab1_ws/src/lab1_pkg/src/talker.cpp:39:103:[m[K [01;31m[Kerror: [m[Kno matching function for call to ‘[01m[KTalker::create_subscription<ackermann_msgs::msg::AckermannDriveStamped>(const char [12], int, std::_Bind_helper<false, void (Talker::*)(), Talker*, const std::_Placeholder<1>&>::type)[m[K’
[2.495s]    39 |                                 "drive_relay", 10, std::bind(&Talker::subscription_callback, this, _1)[01;31m[K)[m[K;
[2.495s]       |                                                                                                       [01;31m[K^[m[K
[2.495s] In file included from [01m[K/opt/ros/foxy/include/rclcpp/executors/single_threaded_executor.hpp:28[m[K,
[2.496s]                  from [01m[K/opt/ros/foxy/include/rclcpp/executors.hpp:22[m[K,
[2.496s]                  from [01m[K/opt/ros/foxy/include/rclcpp/rclcpp.hpp:146[m[K,
[2.496s]                  from [01m[K/home/judson35/lab1_ws/src/lab1_pkg/src/talker.cpp:8[m[K:
[2.496s] [01m[K/opt/ros/foxy/include/rclcpp/node.hpp:213:3:[m[K [01;36m[Knote: [m[Kcandidate: ‘[01m[Ktemplate<class MessageT, class CallbackT, class AllocatorT, class CallbackMessageT, class SubscriptionT, class MessageMemoryStrategyT> std::shared_ptr<SubscriptionT> rclcpp::Node::create_subscription(const string&, const rclcpp::QoS&, CallbackT&&, const rclcpp::SubscriptionOptionsWithAllocator<AllocatorT>&, typename MessageMemoryStrategyT::SharedPtr)[m[K’
[2.496s]   213 |   [01;36m[Kcreate_subscription[m[K(
[2.496s]       |   [01;36m[K^~~~~~~~~~~~~~~~~~~[m[K
[2.496s] [01m[K/opt/ros/foxy/include/rclcpp/node.hpp:213:3:[m[K [01;36m[Knote: [m[K  substitution of deduced template arguments resulted in errors seen above
[4.007s] make[2]: *** [CMakeFiles/talker.dir/build.make:63: CMakeFiles/talker.dir/src/talker.cpp.o] Error 1
[4.007s] make[1]: *** [CMakeFiles/Makefile2:107: CMakeFiles/talker.dir/all] Error 2
[4.007s] make: *** [Makefile:141: all] Error 2
[4.010s] Invoked command in '/home/judson35/lab1_ws/build/lab1_pkg' returned '2': CMAKE_PREFIX_PATH=/home/judson35/lab1_ws/install/lab1_pkg:/opt/ros/foxy:/opt/ros/noetic /usr/bin/cmake --build /home/judson35/lab1_ws/build/lab1_pkg -- -j8 -l8
