[0.679s] DEBUG:colcon:Command line arguments: ['/usr/bin/colcon', 'build']
[0.679s] DEBUG:colcon:Parsed command line arguments: Namespace(allow_overriding=[], ament_cmake_args=None, base_paths=['.'], build_base='build', catkin_cmake_args=None, catkin_skip_building_tests=False, cmake_args=None, cmake_clean_cache=False, cmake_clean_first=False, cmake_force_configure=False, cmake_target=None, cmake_target_skip_unavailable=False, continue_on_error=False, event_handlers=None, executor='parallel', ignore_user_meta=False, install_base='install', log_base=None, log_level=None, main=<bound method BuildVerb.main of <colcon_core.verb.build.BuildVerb object at 0x7f5af8fde100>>, merge_install=False, metas=['./colcon.meta'], packages_above=None, packages_above_and_dependencies=None, packages_above_depth=None, packages_end=None, packages_ignore=None, packages_ignore_regex=None, packages_select=None, packages_select_build_failed=False, packages_select_by_dep=None, packages_select_regex=None, packages_select_test_failures=False, packages_skip=None, packages_skip_build_finished=False, packages_skip_by_dep=None, packages_skip_regex=None, packages_skip_test_passed=False, packages_skip_up_to=None, packages_start=None, packages_up_to=None, packages_up_to_regex=None, parallel_workers=8, paths=None, symlink_install=False, test_result_base=None, verb_extension=<colcon_core.verb.build.BuildVerb object at 0x7f5af8fde100>, verb_name='build', verb_parser=<colcon_defaults.argument_parser.defaults.DefaultArgumentsDecorator object at 0x7f5af8fde640>)
[0.733s] Level 1:colcon.colcon_core.package_discovery:discover_packages(colcon_meta) check parameters
[0.733s] Level 1:colcon.colcon_core.package_discovery:discover_packages(recursive) check parameters
[0.733s] Level 1:colcon.colcon_core.package_discovery:discover_packages(ignore) check parameters
[0.733s] Level 1:colcon.colcon_core.package_discovery:discover_packages(path) check parameters
[0.733s] Level 1:colcon.colcon_core.package_discovery:discover_packages(colcon_meta) discover
[0.734s] Level 1:colcon.colcon_core.package_discovery:discover_packages(recursive) discover
[0.734s] INFO:colcon.colcon_core.package_discovery:Crawling recursively for packages in '/home/judson35/lab1_ws'
[0.734s] Level 1:colcon.colcon_core.package_identification:_identify(.) by extensions ['ignore', 'ignore_ament_install']
[0.734s] Level 1:colcon.colcon_core.package_identification:_identify(.) by extension 'ignore'
[0.734s] Level 1:colcon.colcon_core.package_identification:_identify(.) by extension 'ignore_ament_install'
[0.734s] Level 1:colcon.colcon_core.package_identification:_identify(.) by extensions ['colcon_pkg']
[0.734s] Level 1:colcon.colcon_core.package_identification:_identify(.) by extension 'colcon_pkg'
[0.734s] Level 1:colcon.colcon_core.package_identification:_identify(.) by extensions ['colcon_meta']
[0.734s] Level 1:colcon.colcon_core.package_identification:_identify(.) by extension 'colcon_meta'
[0.734s] Level 1:colcon.colcon_core.package_identification:_identify(.) by extensions ['ros']
[0.735s] Level 1:colcon.colcon_core.package_identification:_identify(.) by extension 'ros'
[0.752s] Level 1:colcon.colcon_core.package_identification:_identify(.) by extensions ['cmake', 'python']
[0.753s] Level 1:colcon.colcon_core.package_identification:_identify(.) by extension 'cmake'
[0.753s] Level 1:colcon.colcon_core.package_identification:_identify(.) by extension 'python'
[0.753s] Level 1:colcon.colcon_core.package_identification:_identify(.) by extensions ['python_setup_py']
[0.753s] Level 1:colcon.colcon_core.package_identification:_identify(.) by extension 'python_setup_py'
[0.753s] Level 1:colcon.colcon_core.package_identification:_identify(build) by extensions ['ignore', 'ignore_ament_install']
[0.753s] Level 1:colcon.colcon_core.package_identification:_identify(build) by extension 'ignore'
[0.753s] Level 1:colcon.colcon_core.package_identification:_identify(build) ignored
[0.754s] Level 1:colcon.colcon_core.package_identification:_identify(install) by extensions ['ignore', 'ignore_ament_install']
[0.754s] Level 1:colcon.colcon_core.package_identification:_identify(install) by extension 'ignore'
[0.754s] Level 1:colcon.colcon_core.package_identification:_identify(install) ignored
[0.754s] Level 1:colcon.colcon_core.package_identification:_identify(log) by extensions ['ignore', 'ignore_ament_install']
[0.754s] Level 1:colcon.colcon_core.package_identification:_identify(log) by extension 'ignore'
[0.754s] Level 1:colcon.colcon_core.package_identification:_identify(log) ignored
[0.754s] Level 1:colcon.colcon_core.package_identification:_identify(src) by extensions ['ignore', 'ignore_ament_install']
[0.755s] Level 1:colcon.colcon_core.package_identification:_identify(src) by extension 'ignore'
[0.755s] Level 1:colcon.colcon_core.package_identification:_identify(src) by extension 'ignore_ament_install'
[0.755s] Level 1:colcon.colcon_core.package_identification:_identify(src) by extensions ['colcon_pkg']
[0.755s] Level 1:colcon.colcon_core.package_identification:_identify(src) by extension 'colcon_pkg'
[0.755s] Level 1:colcon.colcon_core.package_identification:_identify(src) by extensions ['colcon_meta']
[0.755s] Level 1:colcon.colcon_core.package_identification:_identify(src) by extension 'colcon_meta'
[0.755s] Level 1:colcon.colcon_core.package_identification:_identify(src) by extensions ['ros']
[0.755s] Level 1:colcon.colcon_core.package_identification:_identify(src) by extension 'ros'
[0.755s] Level 1:colcon.colcon_core.package_identification:_identify(src) by extensions ['cmake', 'python']
[0.755s] Level 1:colcon.colcon_core.package_identification:_identify(src) by extension 'cmake'
[0.755s] Level 1:colcon.colcon_core.package_identification:_identify(src) by extension 'python'
[0.756s] Level 1:colcon.colcon_core.package_identification:_identify(src) by extensions ['python_setup_py']
[0.756s] Level 1:colcon.colcon_core.package_identification:_identify(src) by extension 'python_setup_py'
[0.756s] Level 1:colcon.colcon_core.package_identification:_identify(src/lab1_pkg) by extensions ['ignore', 'ignore_ament_install']
[0.756s] Level 1:colcon.colcon_core.package_identification:_identify(src/lab1_pkg) by extension 'ignore'
[0.756s] Level 1:colcon.colcon_core.package_identification:_identify(src/lab1_pkg) by extension 'ignore_ament_install'
[0.756s] Level 1:colcon.colcon_core.package_identification:_identify(src/lab1_pkg) by extensions ['colcon_pkg']
[0.756s] Level 1:colcon.colcon_core.package_identification:_identify(src/lab1_pkg) by extension 'colcon_pkg'
[0.756s] Level 1:colcon.colcon_core.package_identification:_identify(src/lab1_pkg) by extensions ['colcon_meta']
[0.756s] Level 1:colcon.colcon_core.package_identification:_identify(src/lab1_pkg) by extension 'colcon_meta'
[0.757s] Level 1:colcon.colcon_core.package_identification:_identify(src/lab1_pkg) by extensions ['ros']
[0.757s] Level 1:colcon.colcon_core.package_identification:_identify(src/lab1_pkg) by extension 'ros'
[0.762s] DEBUG:colcon.colcon_core.package_identification:Package 'src/lab1_pkg' with type 'ros.ament_cmake' and name 'lab1_pkg'
[0.762s] Level 1:colcon.colcon_core.package_discovery:discover_packages(recursive) using defaults
[0.762s] Level 1:colcon.colcon_core.package_discovery:discover_packages(ignore) discover
[0.762s] Level 1:colcon.colcon_core.package_discovery:discover_packages(ignore) using defaults
[0.762s] Level 1:colcon.colcon_core.package_discovery:discover_packages(path) discover
[0.762s] Level 1:colcon.colcon_core.package_discovery:discover_packages(path) using defaults
[0.805s] Level 1:colcon.colcon_core.package_discovery:discover_packages(prefix_path) check parameters
[0.806s] Level 1:colcon.colcon_core.package_discovery:discover_packages(prefix_path) discover
[0.810s] DEBUG:colcon.colcon_installed_package_information.package_discovery:Found 1 installed packages in /home/judson35/lab1_ws/install
[0.813s] DEBUG:colcon.colcon_installed_package_information.package_discovery:Found 257 installed packages in /opt/ros/foxy
[0.818s] DEBUG:colcon.colcon_installed_package_information.package_discovery:Found 3 installed packages in /opt/ros/noetic
[0.818s] Level 1:colcon.colcon_core.package_discovery:discover_packages(prefix_path) using defaults
[0.947s] Level 5:colcon.colcon_core.verb:set package 'lab1_pkg' build argument 'cmake_args' from command line to 'None'
[0.947s] Level 5:colcon.colcon_core.verb:set package 'lab1_pkg' build argument 'cmake_target' from command line to 'None'
[0.947s] Level 5:colcon.colcon_core.verb:set package 'lab1_pkg' build argument 'cmake_target_skip_unavailable' from command line to 'False'
[0.948s] Level 5:colcon.colcon_core.verb:set package 'lab1_pkg' build argument 'cmake_clean_cache' from command line to 'False'
[0.948s] Level 5:colcon.colcon_core.verb:set package 'lab1_pkg' build argument 'cmake_clean_first' from command line to 'False'
[0.948s] Level 5:colcon.colcon_core.verb:set package 'lab1_pkg' build argument 'cmake_force_configure' from command line to 'False'
[0.948s] Level 5:colcon.colcon_core.verb:set package 'lab1_pkg' build argument 'ament_cmake_args' from command line to 'None'
[0.948s] Level 5:colcon.colcon_core.verb:set package 'lab1_pkg' build argument 'catkin_cmake_args' from command line to 'None'
[0.948s] Level 5:colcon.colcon_core.verb:set package 'lab1_pkg' build argument 'catkin_skip_building_tests' from command line to 'False'
[0.948s] DEBUG:colcon.colcon_core.verb:Building package 'lab1_pkg' with the following arguments: {'ament_cmake_args': None, 'build_base': '/home/judson35/lab1_ws/build/lab1_pkg', 'catkin_cmake_args': None, 'catkin_skip_building_tests': False, 'cmake_args': None, 'cmake_clean_cache': False, 'cmake_clean_first': False, 'cmake_force_configure': False, 'cmake_target': None, 'cmake_target_skip_unavailable': False, 'install_base': '/home/judson35/lab1_ws/install/lab1_pkg', 'merge_install': False, 'path': '/home/judson35/lab1_ws/src/lab1_pkg', 'symlink_install': False, 'test_result_base': None}
[0.949s] INFO:colcon.colcon_core.executor:Executing jobs using 'parallel' executor
[0.955s] DEBUG:colcon.colcon_parallel_executor.executor.parallel:run_until_complete
[0.955s] INFO:colcon.colcon_ros.task.ament_cmake.build:Building ROS package in '/home/judson35/lab1_ws/src/lab1_pkg' with build type 'ament_cmake'
[0.956s] INFO:colcon.colcon_cmake.task.cmake.build:Building CMake package in '/home/judson35/lab1_ws/src/lab1_pkg'
[0.964s] INFO:colcon.colcon_core.plugin_system:Skipping extension 'colcon_core.shell.bat': Not used on non-Windows systems
[0.964s] INFO:colcon.colcon_core.shell:Skip shell extension 'powershell' for command environment: Not usable outside of PowerShell
[0.964s] DEBUG:colcon.colcon_core.shell:Skip shell extension 'dsv' for command environment
[0.987s] DEBUG:colcon.colcon_core.event_handler.log_command:Invoking command in '/home/judson35/lab1_ws/build/lab1_pkg': CMAKE_PREFIX_PATH=/home/judson35/lab1_ws/install/lab1_pkg:/opt/ros/foxy:/opt/ros/noetic /usr/bin/cmake --build /home/judson35/lab1_ws/build/lab1_pkg -- -j8 -l8
[6.685s] DEBUG:colcon.colcon_core.event_handler.log_command:Invoked command in '/home/judson35/lab1_ws/build/lab1_pkg' returned '0': CMAKE_PREFIX_PATH=/home/judson35/lab1_ws/install/lab1_pkg:/opt/ros/foxy:/opt/ros/noetic /usr/bin/cmake --build /home/judson35/lab1_ws/build/lab1_pkg -- -j8 -l8
[6.792s] DEBUG:colcon.colcon_core.event_handler.log_command:Invoking command in '/home/judson35/lab1_ws/build/lab1_pkg': CMAKE_PREFIX_PATH=/home/judson35/lab1_ws/install/lab1_pkg:/opt/ros/foxy:/opt/ros/noetic /usr/bin/cmake --install /home/judson35/lab1_ws/build/lab1_pkg
[6.834s] Level 1:colcon.colcon_core.environment:create_environment_scripts_only(lab1_pkg)
[6.842s] DEBUG:colcon.colcon_core.event_handler.log_command:Invoked command in '/home/judson35/lab1_ws/build/lab1_pkg' returned '0': CMAKE_PREFIX_PATH=/home/judson35/lab1_ws/install/lab1_pkg:/opt/ros/foxy:/opt/ros/noetic /usr/bin/cmake --install /home/judson35/lab1_ws/build/lab1_pkg
[6.858s] Level 1:colcon.colcon_core.environment:checking '/home/judson35/lab1_ws/install/lab1_pkg' for CMake module files
[6.860s] Level 1:colcon.colcon_core.environment:checking '/home/judson35/lab1_ws/install/lab1_pkg' for CMake config files
[6.861s] Level 1:colcon.colcon_core.shell:create_environment_hook('lab1_pkg', 'cmake_prefix_path')
[6.867s] INFO:colcon.colcon_core.shell:Creating environment hook '/home/judson35/lab1_ws/install/lab1_pkg/share/lab1_pkg/hook/cmake_prefix_path.ps1'
[6.869s] INFO:colcon.colcon_core.shell:Creating environment descriptor '/home/judson35/lab1_ws/install/lab1_pkg/share/lab1_pkg/hook/cmake_prefix_path.dsv'
[6.871s] INFO:colcon.colcon_core.shell:Creating environment hook '/home/judson35/lab1_ws/install/lab1_pkg/share/lab1_pkg/hook/cmake_prefix_path.sh'
[6.874s] Level 1:colcon.colcon_core.environment:checking '/home/judson35/lab1_ws/install/lab1_pkg/lib'
[6.875s] Level 1:colcon.colcon_core.environment:checking '/home/judson35/lab1_ws/install/lab1_pkg/bin'
[6.875s] Level 1:colcon.colcon_core.environment:checking '/home/judson35/lab1_ws/install/lab1_pkg/lib/pkgconfig/lab1_pkg.pc'
[6.876s] Level 1:colcon.colcon_core.environment:checking '/home/judson35/lab1_ws/install/lab1_pkg/lib/python3.8/site-packages'
[6.878s] Level 1:colcon.colcon_core.environment:checking '/home/judson35/lab1_ws/install/lab1_pkg/bin'
[6.884s] INFO:colcon.colcon_core.shell:Creating package script '/home/judson35/lab1_ws/install/lab1_pkg/share/lab1_pkg/package.ps1'
[6.888s] INFO:colcon.colcon_core.shell:Creating package descriptor '/home/judson35/lab1_ws/install/lab1_pkg/share/lab1_pkg/package.dsv'
[6.890s] INFO:colcon.colcon_core.shell:Creating package script '/home/judson35/lab1_ws/install/lab1_pkg/share/lab1_pkg/package.sh'
[6.892s] INFO:colcon.colcon_core.shell:Creating package script '/home/judson35/lab1_ws/install/lab1_pkg/share/lab1_pkg/package.bash'
[6.895s] INFO:colcon.colcon_core.shell:Creating package script '/home/judson35/lab1_ws/install/lab1_pkg/share/lab1_pkg/package.zsh'
[6.899s] Level 1:colcon.colcon_core.environment:create_file_with_runtime_dependencies(/home/judson35/lab1_ws/install/lab1_pkg/share/colcon-core/packages/lab1_pkg)
[6.979s] Level 1:colcon.colcon_core.environment:create_environment_scripts_only(lab1_pkg)
[6.988s] Level 1:colcon.colcon_core.environment:checking '/home/judson35/lab1_ws/install/lab1_pkg' for CMake module files
[6.990s] Level 1:colcon.colcon_core.environment:checking '/home/judson35/lab1_ws/install/lab1_pkg' for CMake config files
[6.990s] Level 1:colcon.colcon_core.shell:create_environment_hook('lab1_pkg', 'cmake_prefix_path')
[6.996s] INFO:colcon.colcon_core.shell:Creating environment hook '/home/judson35/lab1_ws/install/lab1_pkg/share/lab1_pkg/hook/cmake_prefix_path.ps1'
[6.998s] INFO:colcon.colcon_core.shell:Creating environment descriptor '/home/judson35/lab1_ws/install/lab1_pkg/share/lab1_pkg/hook/cmake_prefix_path.dsv'
[6.999s] INFO:colcon.colcon_core.shell:Creating environment hook '/home/judson35/lab1_ws/install/lab1_pkg/share/lab1_pkg/hook/cmake_prefix_path.sh'
[7.002s] Level 1:colcon.colcon_core.environment:checking '/home/judson35/lab1_ws/install/lab1_pkg/lib'
[7.002s] Level 1:colcon.colcon_core.environment:checking '/home/judson35/lab1_ws/install/lab1_pkg/bin'
[7.003s] Level 1:colcon.colcon_core.environment:checking '/home/judson35/lab1_ws/install/lab1_pkg/lib/pkgconfig/lab1_pkg.pc'
[7.004s] Level 1:colcon.colcon_core.environment:checking '/home/judson35/lab1_ws/install/lab1_pkg/lib/python3.8/site-packages'
[7.005s] Level 1:colcon.colcon_core.environment:checking '/home/judson35/lab1_ws/install/lab1_pkg/bin'
[7.011s] INFO:colcon.colcon_core.shell:Creating package script '/home/judson35/lab1_ws/install/lab1_pkg/share/lab1_pkg/package.ps1'
[7.014s] INFO:colcon.colcon_core.shell:Creating package descriptor '/home/judson35/lab1_ws/install/lab1_pkg/share/lab1_pkg/package.dsv'
[7.016s] INFO:colcon.colcon_core.shell:Creating package script '/home/judson35/lab1_ws/install/lab1_pkg/share/lab1_pkg/package.sh'
[7.018s] INFO:colcon.colcon_core.shell:Creating package script '/home/judson35/lab1_ws/install/lab1_pkg/share/lab1_pkg/package.bash'
[7.019s] INFO:colcon.colcon_core.shell:Creating package script '/home/judson35/lab1_ws/install/lab1_pkg/share/lab1_pkg/package.zsh'
[7.021s] Level 1:colcon.colcon_core.environment:create_file_with_runtime_dependencies(/home/judson35/lab1_ws/install/lab1_pkg/share/colcon-core/packages/lab1_pkg)
[7.022s] DEBUG:colcon.colcon_parallel_executor.executor.parallel:closing loop
[7.024s] DEBUG:colcon.colcon_parallel_executor.executor.parallel:loop closed
[7.024s] DEBUG:colcon.colcon_parallel_executor.executor.parallel:run_until_complete finished with '0'
[7.025s] DEBUG:colcon.colcon_core.event_reactor:joining thread
[7.047s] INFO:colcon.colcon_core.plugin_system:Skipping extension 'colcon_notification.desktop_notification.terminal_notifier': Not used on non-Darwin systems
[7.047s] INFO:colcon.colcon_core.plugin_system:Skipping extension 'colcon_notification.desktop_notification.win32': Not used on non-Windows systems
[7.047s] INFO:colcon.colcon_notification.desktop_notification:Sending desktop notification using 'notify2'
[7.107s] DEBUG:colcon.colcon_core.event_reactor:joined thread
[7.114s] INFO:colcon.colcon_core.shell:Creating prefix script '/home/judson35/lab1_ws/install/local_setup.ps1'
[7.118s] INFO:colcon.colcon_core.shell:Creating prefix util module '/home/judson35/lab1_ws/install/_local_setup_util_ps1.py'
[7.123s] INFO:colcon.colcon_core.shell:Creating prefix chain script '/home/judson35/lab1_ws/install/setup.ps1'
[7.130s] INFO:colcon.colcon_core.shell:Creating prefix script '/home/judson35/lab1_ws/install/local_setup.sh'
[7.132s] INFO:colcon.colcon_core.shell:Creating prefix util module '/home/judson35/lab1_ws/install/_local_setup_util_sh.py'
[7.134s] INFO:colcon.colcon_core.shell:Creating prefix chain script '/home/judson35/lab1_ws/install/setup.sh'
[7.140s] INFO:colcon.colcon_core.shell:Creating prefix script '/home/judson35/lab1_ws/install/local_setup.bash'
[7.141s] INFO:colcon.colcon_core.shell:Creating prefix chain script '/home/judson35/lab1_ws/install/setup.bash'
[7.148s] INFO:colcon.colcon_core.shell:Creating prefix script '/home/judson35/lab1_ws/install/local_setup.zsh'
[7.150s] INFO:colcon.colcon_core.shell:Creating prefix chain script '/home/judson35/lab1_ws/install/setup.zsh'
