[0.032s] Invoking command in '/home/judson35/lab1_ws/build/lab1_pkg': CMAKE_PREFIX_PATH=/home/judson35/lab1_ws/install/lab1_pkg:/opt/ros/foxy:/opt/ros/noetic /usr/bin/cmake --build /home/judson35/lab1_ws/build/lab1_pkg -- -j8 -l8
[0.102s] [35m[1mScanning dependencies of target relay[0m
[0.103s] [35m[1mScanning dependencies of target talker[0m
[0.161s] [ 25%] [32mBuilding CXX object CMakeFiles/relay.dir/src/relay.cpp.o[0m
[0.167s] [ 50%] [32mBuilding CXX object CMakeFiles/talker.dir/src/talker.cpp.o[0m
[6.051s] [ 75%] [32m[1mLinking CXX executable talker[0m
[6.355s] [ 75%] Built target talker
[9.677s] [100%] [32m[1mLinking CXX executable relay[0m
[10.095s] [100%] Built target relay
[10.112s] Invoked command in '/home/judson35/lab1_ws/build/lab1_pkg' returned '0': CMAKE_PREFIX_PATH=/home/judson35/lab1_ws/install/lab1_pkg:/opt/ros/foxy:/opt/ros/noetic /usr/bin/cmake --build /home/judson35/lab1_ws/build/lab1_pkg -- -j8 -l8
[10.177s] Invoking command in '/home/judson35/lab1_ws/build/lab1_pkg': CMAKE_PREFIX_PATH=/home/judson35/lab1_ws/install/lab1_pkg:/opt/ros/foxy:/opt/ros/noetic /usr/bin/cmake --install /home/judson35/lab1_ws/build/lab1_pkg
[10.190s] -- Install configuration: ""
[10.190s] -- Installing: /home/judson35/lab1_ws/install/lab1_pkg/lib/lab1_pkg/talker
[10.192s] -- Set runtime path of "/home/judson35/lab1_ws/install/lab1_pkg/lib/lab1_pkg/talker" to ""
[10.192s] -- Installing: /home/judson35/lab1_ws/install/lab1_pkg/lib/lab1_pkg/relay
[10.195s] -- Set runtime path of "/home/judson35/lab1_ws/install/lab1_pkg/lib/lab1_pkg/relay" to ""
[10.195s] -- Up-to-date: /home/judson35/lab1_ws/install/lab1_pkg/share/ament_index/resource_index/package_run_dependencies/lab1_pkg
[10.196s] -- Up-to-date: /home/judson35/lab1_ws/install/lab1_pkg/share/ament_index/resource_index/parent_prefix_path/lab1_pkg
[10.196s] -- Up-to-date: /home/judson35/lab1_ws/install/lab1_pkg/share/lab1_pkg/environment/ament_prefix_path.sh
[10.196s] -- Up-to-date: /home/judson35/lab1_ws/install/lab1_pkg/share/lab1_pkg/environment/ament_prefix_path.dsv
[10.196s] -- Up-to-date: /home/judson35/lab1_ws/install/lab1_pkg/share/lab1_pkg/environment/path.sh
[10.196s] -- Up-to-date: /home/judson35/lab1_ws/install/lab1_pkg/share/lab1_pkg/environment/path.dsv
[10.196s] -- Up-to-date: /home/judson35/lab1_ws/install/lab1_pkg/share/lab1_pkg/local_setup.bash
[10.196s] -- Up-to-date: /home/judson35/lab1_ws/install/lab1_pkg/share/lab1_pkg/local_setup.sh
[10.197s] -- Up-to-date: /home/judson35/lab1_ws/install/lab1_pkg/share/lab1_pkg/local_setup.zsh
[10.197s] -- Up-to-date: /home/judson35/lab1_ws/install/lab1_pkg/share/lab1_pkg/local_setup.dsv
[10.197s] -- Installing: /home/judson35/lab1_ws/install/lab1_pkg/share/lab1_pkg/package.dsv
[10.197s] -- Up-to-date: /home/judson35/lab1_ws/install/lab1_pkg/share/ament_index/resource_index/packages/lab1_pkg
[10.197s] -- Up-to-date: /home/judson35/lab1_ws/install/lab1_pkg/share/lab1_pkg/cmake/lab1_pkgConfig.cmake
[10.197s] -- Up-to-date: /home/judson35/lab1_ws/install/lab1_pkg/share/lab1_pkg/cmake/lab1_pkgConfig-version.cmake
[10.197s] -- Up-to-date: /home/judson35/lab1_ws/install/lab1_pkg/share/lab1_pkg/package.xml
[10.203s] Invoked command in '/home/judson35/lab1_ws/build/lab1_pkg' returned '0': CMAKE_PREFIX_PATH=/home/judson35/lab1_ws/install/lab1_pkg:/opt/ros/foxy:/opt/ros/noetic /usr/bin/cmake --install /home/judson35/lab1_ws/build/lab1_pkg
