[0.645s] DEBUG:colcon:Command line arguments: ['/usr/bin/colcon', 'build']
[0.645s] DEBUG:colcon:Parsed command line arguments: Namespace(allow_overriding=[], ament_cmake_args=None, base_paths=['.'], build_base='build', catkin_cmake_args=None, catkin_skip_building_tests=False, cmake_args=None, cmake_clean_cache=False, cmake_clean_first=False, cmake_force_configure=False, cmake_target=None, cmake_target_skip_unavailable=False, continue_on_error=False, event_handlers=None, executor='parallel', ignore_user_meta=False, install_base='install', log_base=None, log_level=None, main=<bound method BuildVerb.main of <colcon_core.verb.build.BuildVerb object at 0x7f2289cbefd0>>, merge_install=False, metas=['./colcon.meta'], packages_above=None, packages_above_and_dependencies=None, packages_above_depth=None, packages_end=None, packages_ignore=None, packages_ignore_regex=None, packages_select=None, packages_select_build_failed=False, packages_select_by_dep=None, packages_select_regex=None, packages_select_test_failures=False, packages_skip=None, packages_skip_build_finished=False, packages_skip_by_dep=None, packages_skip_regex=None, packages_skip_test_passed=False, packages_skip_up_to=None, packages_start=None, packages_up_to=None, packages_up_to_regex=None, parallel_workers=8, paths=None, symlink_install=False, test_result_base=None, verb_extension=<colcon_core.verb.build.BuildVerb object at 0x7f2289cbefd0>, verb_name='build', verb_parser=<colcon_defaults.argument_parser.defaults.DefaultArgumentsDecorator object at 0x7f2289c49520>)
[0.703s] Level 1:colcon.colcon_core.package_discovery:discover_packages(colcon_meta) check parameters
[0.703s] Level 1:colcon.colcon_core.package_discovery:discover_packages(recursive) check parameters
[0.703s] Level 1:colcon.colcon_core.package_discovery:discover_packages(ignore) check parameters
[0.703s] Level 1:colcon.colcon_core.package_discovery:discover_packages(path) check parameters
[0.703s] Level 1:colcon.colcon_core.package_discovery:discover_packages(colcon_meta) discover
[0.703s] Level 1:colcon.colcon_core.package_discovery:discover_packages(recursive) discover
[0.703s] INFO:colcon.colcon_core.package_discovery:Crawling recursively for packages in '/home/judson35/lab1_ws'
[0.703s] Level 1:colcon.colcon_core.package_identification:_identify(.) by extensions ['ignore', 'ignore_ament_install']
[0.704s] Level 1:colcon.colcon_core.package_identification:_identify(.) by extension 'ignore'
[0.704s] Level 1:colcon.colcon_core.package_identification:_identify(.) by extension 'ignore_ament_install'
[0.704s] Level 1:colcon.colcon_core.package_identification:_identify(.) by extensions ['colcon_pkg']
[0.704s] Level 1:colcon.colcon_core.package_identification:_identify(.) by extension 'colcon_pkg'
[0.704s] Level 1:colcon.colcon_core.package_identification:_identify(.) by extensions ['colcon_meta']
[0.704s] Level 1:colcon.colcon_core.package_identification:_identify(.) by extension 'colcon_meta'
[0.704s] Level 1:colcon.colcon_core.package_identification:_identify(.) by extensions ['ros']
[0.704s] Level 1:colcon.colcon_core.package_identification:_identify(.) by extension 'ros'
[0.722s] Level 1:colcon.colcon_core.package_identification:_identify(.) by extensions ['cmake', 'python']
[0.723s] Level 1:colcon.colcon_core.package_identification:_identify(.) by extension 'cmake'
[0.723s] Level 1:colcon.colcon_core.package_identification:_identify(.) by extension 'python'
[0.723s] Level 1:colcon.colcon_core.package_identification:_identify(.) by extensions ['python_setup_py']
[0.723s] Level 1:colcon.colcon_core.package_identification:_identify(.) by extension 'python_setup_py'
[0.723s] Level 1:colcon.colcon_core.package_identification:_identify(build) by extensions ['ignore', 'ignore_ament_install']
[0.723s] Level 1:colcon.colcon_core.package_identification:_identify(build) by extension 'ignore'
[0.723s] Level 1:colcon.colcon_core.package_identification:_identify(build) ignored
[0.724s] Level 1:colcon.colcon_core.package_identification:_identify(install) by extensions ['ignore', 'ignore_ament_install']
[0.724s] Level 1:colcon.colcon_core.package_identification:_identify(install) by extension 'ignore'
[0.724s] Level 1:colcon.colcon_core.package_identification:_identify(install) ignored
[0.724s] Level 1:colcon.colcon_core.package_identification:_identify(log) by extensions ['ignore', 'ignore_ament_install']
[0.724s] Level 1:colcon.colcon_core.package_identification:_identify(log) by extension 'ignore'
[0.724s] Level 1:colcon.colcon_core.package_identification:_identify(log) ignored
[0.725s] Level 1:colcon.colcon_core.package_identification:_identify(src) by extensions ['ignore', 'ignore_ament_install']
[0.725s] Level 1:colcon.colcon_core.package_identification:_identify(src) by extension 'ignore'
[0.725s] Level 1:colcon.colcon_core.package_identification:_identify(src) by extension 'ignore_ament_install'
[0.725s] Level 1:colcon.colcon_core.package_identification:_identify(src) by extensions ['colcon_pkg']
[0.725s] Level 1:colcon.colcon_core.package_identification:_identify(src) by extension 'colcon_pkg'
[0.725s] Level 1:colcon.colcon_core.package_identification:_identify(src) by extensions ['colcon_meta']
[0.725s] Level 1:colcon.colcon_core.package_identification:_identify(src) by extension 'colcon_meta'
[0.725s] Level 1:colcon.colcon_core.package_identification:_identify(src) by extensions ['ros']
[0.725s] Level 1:colcon.colcon_core.package_identification:_identify(src) by extension 'ros'
[0.725s] Level 1:colcon.colcon_core.package_identification:_identify(src) by extensions ['cmake', 'python']
[0.726s] Level 1:colcon.colcon_core.package_identification:_identify(src) by extension 'cmake'
[0.726s] Level 1:colcon.colcon_core.package_identification:_identify(src) by extension 'python'
[0.726s] Level 1:colcon.colcon_core.package_identification:_identify(src) by extensions ['python_setup_py']
[0.726s] Level 1:colcon.colcon_core.package_identification:_identify(src) by extension 'python_setup_py'
[0.726s] Level 1:colcon.colcon_core.package_identification:_identify(src/lab1_pkg) by extensions ['ignore', 'ignore_ament_install']
[0.726s] Level 1:colcon.colcon_core.package_identification:_identify(src/lab1_pkg) by extension 'ignore'
[0.726s] Level 1:colcon.colcon_core.package_identification:_identify(src/lab1_pkg) by extension 'ignore_ament_install'
[0.726s] Level 1:colcon.colcon_core.package_identification:_identify(src/lab1_pkg) by extensions ['colcon_pkg']
[0.726s] Level 1:colcon.colcon_core.package_identification:_identify(src/lab1_pkg) by extension 'colcon_pkg'
[0.727s] Level 1:colcon.colcon_core.package_identification:_identify(src/lab1_pkg) by extensions ['colcon_meta']
[0.727s] Level 1:colcon.colcon_core.package_identification:_identify(src/lab1_pkg) by extension 'colcon_meta'
[0.727s] Level 1:colcon.colcon_core.package_identification:_identify(src/lab1_pkg) by extensions ['ros']
[0.727s] Level 1:colcon.colcon_core.package_identification:_identify(src/lab1_pkg) by extension 'ros'
[0.732s] DEBUG:colcon.colcon_core.package_identification:Package 'src/lab1_pkg' with type 'ros.ament_cmake' and name 'lab1_pkg'
[0.732s] Level 1:colcon.colcon_core.package_discovery:discover_packages(recursive) using defaults
[0.732s] Level 1:colcon.colcon_core.package_discovery:discover_packages(ignore) discover
[0.732s] Level 1:colcon.colcon_core.package_discovery:discover_packages(ignore) using defaults
[0.732s] Level 1:colcon.colcon_core.package_discovery:discover_packages(path) discover
[0.732s] Level 1:colcon.colcon_core.package_discovery:discover_packages(path) using defaults
[0.771s] Level 1:colcon.colcon_core.package_discovery:discover_packages(prefix_path) check parameters
[0.772s] Level 1:colcon.colcon_core.package_discovery:discover_packages(prefix_path) discover
[0.776s] DEBUG:colcon.colcon_installed_package_information.package_discovery:Found 1 installed packages in /home/judson35/lab1_ws/install
[0.779s] DEBUG:colcon.colcon_installed_package_information.package_discovery:Found 257 installed packages in /opt/ros/foxy
[0.784s] DEBUG:colcon.colcon_installed_package_information.package_discovery:Found 3 installed packages in /opt/ros/noetic
[0.784s] Level 1:colcon.colcon_core.package_discovery:discover_packages(prefix_path) using defaults
[0.914s] Level 5:colcon.colcon_core.verb:set package 'lab1_pkg' build argument 'cmake_args' from command line to 'None'
[0.914s] Level 5:colcon.colcon_core.verb:set package 'lab1_pkg' build argument 'cmake_target' from command line to 'None'
[0.914s] Level 5:colcon.colcon_core.verb:set package 'lab1_pkg' build argument 'cmake_target_skip_unavailable' from command line to 'False'
[0.914s] Level 5:colcon.colcon_core.verb:set package 'lab1_pkg' build argument 'cmake_clean_cache' from command line to 'False'
[0.914s] Level 5:colcon.colcon_core.verb:set package 'lab1_pkg' build argument 'cmake_clean_first' from command line to 'False'
[0.914s] Level 5:colcon.colcon_core.verb:set package 'lab1_pkg' build argument 'cmake_force_configure' from command line to 'False'
[0.914s] Level 5:colcon.colcon_core.verb:set package 'lab1_pkg' build argument 'ament_cmake_args' from command line to 'None'
[0.914s] Level 5:colcon.colcon_core.verb:set package 'lab1_pkg' build argument 'catkin_cmake_args' from command line to 'None'
[0.914s] Level 5:colcon.colcon_core.verb:set package 'lab1_pkg' build argument 'catkin_skip_building_tests' from command line to 'False'
[0.914s] DEBUG:colcon.colcon_core.verb:Building package 'lab1_pkg' with the following arguments: {'ament_cmake_args': None, 'build_base': '/home/judson35/lab1_ws/build/lab1_pkg', 'catkin_cmake_args': None, 'catkin_skip_building_tests': False, 'cmake_args': None, 'cmake_clean_cache': False, 'cmake_clean_first': False, 'cmake_force_configure': False, 'cmake_target': None, 'cmake_target_skip_unavailable': False, 'install_base': '/home/judson35/lab1_ws/install/lab1_pkg', 'merge_install': False, 'path': '/home/judson35/lab1_ws/src/lab1_pkg', 'symlink_install': False, 'test_result_base': None}
[0.916s] INFO:colcon.colcon_core.executor:Executing jobs using 'parallel' executor
[0.922s] DEBUG:colcon.colcon_parallel_executor.executor.parallel:run_until_complete
[0.922s] INFO:colcon.colcon_ros.task.ament_cmake.build:Building ROS package in '/home/judson35/lab1_ws/src/lab1_pkg' with build type 'ament_cmake'
[0.922s] INFO:colcon.colcon_cmake.task.cmake.build:Building CMake package in '/home/judson35/lab1_ws/src/lab1_pkg'
[0.930s] INFO:colcon.colcon_core.plugin_system:Skipping extension 'colcon_core.shell.bat': Not used on non-Windows systems
[0.930s] INFO:colcon.colcon_core.shell:Skip shell extension 'powershell' for command environment: Not usable outside of PowerShell
[0.930s] DEBUG:colcon.colcon_core.shell:Skip shell extension 'dsv' for command environment
[0.954s] DEBUG:colcon.colcon_core.event_handler.log_command:Invoking command in '/home/judson35/lab1_ws/build/lab1_pkg': CMAKE_PREFIX_PATH=/home/judson35/lab1_ws/install/lab1_pkg:/opt/ros/foxy:/opt/ros/noetic /usr/bin/cmake --build /home/judson35/lab1_ws/build/lab1_pkg -- -j8 -l8
[9.912s] DEBUG:colcon.colcon_core.event_handler.log_command:Invoked command in '/home/judson35/lab1_ws/build/lab1_pkg' returned '0': CMAKE_PREFIX_PATH=/home/judson35/lab1_ws/install/lab1_pkg:/opt/ros/foxy:/opt/ros/noetic /usr/bin/cmake --build /home/judson35/lab1_ws/build/lab1_pkg -- -j8 -l8
[9.973s] DEBUG:colcon.colcon_core.event_handler.log_command:Invoking command in '/home/judson35/lab1_ws/build/lab1_pkg': CMAKE_PREFIX_PATH=/home/judson35/lab1_ws/install/lab1_pkg:/opt/ros/foxy:/opt/ros/noetic /usr/bin/cmake --install /home/judson35/lab1_ws/build/lab1_pkg
[9.994s] Level 1:colcon.colcon_core.environment:create_environment_scripts_only(lab1_pkg)
[9.996s] DEBUG:colcon.colcon_core.event_handler.log_command:Invoked command in '/home/judson35/lab1_ws/build/lab1_pkg' returned '0': CMAKE_PREFIX_PATH=/home/judson35/lab1_ws/install/lab1_pkg:/opt/ros/foxy:/opt/ros/noetic /usr/bin/cmake --install /home/judson35/lab1_ws/build/lab1_pkg
[10.005s] Level 1:colcon.colcon_core.environment:checking '/home/judson35/lab1_ws/install/lab1_pkg' for CMake module files
[10.006s] Level 1:colcon.colcon_core.environment:checking '/home/judson35/lab1_ws/install/lab1_pkg' for CMake config files
[10.007s] Level 1:colcon.colcon_core.shell:create_environment_hook('lab1_pkg', 'cmake_prefix_path')
[10.009s] INFO:colcon.colcon_core.shell:Creating environment hook '/home/judson35/lab1_ws/install/lab1_pkg/share/lab1_pkg/hook/cmake_prefix_path.ps1'
[10.011s] INFO:colcon.colcon_core.shell:Creating environment descriptor '/home/judson35/lab1_ws/install/lab1_pkg/share/lab1_pkg/hook/cmake_prefix_path.dsv'
[10.011s] INFO:colcon.colcon_core.shell:Creating environment hook '/home/judson35/lab1_ws/install/lab1_pkg/share/lab1_pkg/hook/cmake_prefix_path.sh'
[10.013s] Level 1:colcon.colcon_core.environment:checking '/home/judson35/lab1_ws/install/lab1_pkg/lib'
[10.014s] Level 1:colcon.colcon_core.environment:checking '/home/judson35/lab1_ws/install/lab1_pkg/bin'
[10.014s] Level 1:colcon.colcon_core.environment:checking '/home/judson35/lab1_ws/install/lab1_pkg/lib/pkgconfig/lab1_pkg.pc'
[10.015s] Level 1:colcon.colcon_core.environment:checking '/home/judson35/lab1_ws/install/lab1_pkg/lib/python3.8/site-packages'
[10.015s] Level 1:colcon.colcon_core.environment:checking '/home/judson35/lab1_ws/install/lab1_pkg/bin'
[10.018s] INFO:colcon.colcon_core.shell:Creating package script '/home/judson35/lab1_ws/install/lab1_pkg/share/lab1_pkg/package.ps1'
[10.019s] INFO:colcon.colcon_core.shell:Creating package descriptor '/home/judson35/lab1_ws/install/lab1_pkg/share/lab1_pkg/package.dsv'
[10.020s] INFO:colcon.colcon_core.shell:Creating package script '/home/judson35/lab1_ws/install/lab1_pkg/share/lab1_pkg/package.sh'
[10.021s] INFO:colcon.colcon_core.shell:Creating package script '/home/judson35/lab1_ws/install/lab1_pkg/share/lab1_pkg/package.bash'
[10.022s] INFO:colcon.colcon_core.shell:Creating package script '/home/judson35/lab1_ws/install/lab1_pkg/share/lab1_pkg/package.zsh'
[10.023s] Level 1:colcon.colcon_core.environment:create_file_with_runtime_dependencies(/home/judson35/lab1_ws/install/lab1_pkg/share/colcon-core/packages/lab1_pkg)
[10.066s] Level 1:colcon.colcon_core.environment:create_environment_scripts_only(lab1_pkg)
[10.070s] Level 1:colcon.colcon_core.environment:checking '/home/judson35/lab1_ws/install/lab1_pkg' for CMake module files
[10.071s] Level 1:colcon.colcon_core.environment:checking '/home/judson35/lab1_ws/install/lab1_pkg' for CMake config files
[10.072s] Level 1:colcon.colcon_core.shell:create_environment_hook('lab1_pkg', 'cmake_prefix_path')
[10.074s] INFO:colcon.colcon_core.shell:Creating environment hook '/home/judson35/lab1_ws/install/lab1_pkg/share/lab1_pkg/hook/cmake_prefix_path.ps1'
[10.075s] INFO:colcon.colcon_core.shell:Creating environment descriptor '/home/judson35/lab1_ws/install/lab1_pkg/share/lab1_pkg/hook/cmake_prefix_path.dsv'
[10.075s] INFO:colcon.colcon_core.shell:Creating environment hook '/home/judson35/lab1_ws/install/lab1_pkg/share/lab1_pkg/hook/cmake_prefix_path.sh'
[10.076s] Level 1:colcon.colcon_core.environment:checking '/home/judson35/lab1_ws/install/lab1_pkg/lib'
[10.076s] Level 1:colcon.colcon_core.environment:checking '/home/judson35/lab1_ws/install/lab1_pkg/bin'
[10.077s] Level 1:colcon.colcon_core.environment:checking '/home/judson35/lab1_ws/install/lab1_pkg/lib/pkgconfig/lab1_pkg.pc'
[10.077s] Level 1:colcon.colcon_core.environment:checking '/home/judson35/lab1_ws/install/lab1_pkg/lib/python3.8/site-packages'
[10.077s] Level 1:colcon.colcon_core.environment:checking '/home/judson35/lab1_ws/install/lab1_pkg/bin'
[10.081s] INFO:colcon.colcon_core.shell:Creating package script '/home/judson35/lab1_ws/install/lab1_pkg/share/lab1_pkg/package.ps1'
[10.082s] INFO:colcon.colcon_core.shell:Creating package descriptor '/home/judson35/lab1_ws/install/lab1_pkg/share/lab1_pkg/package.dsv'
[10.083s] INFO:colcon.colcon_core.shell:Creating package script '/home/judson35/lab1_ws/install/lab1_pkg/share/lab1_pkg/package.sh'
[10.084s] INFO:colcon.colcon_core.shell:Creating package script '/home/judson35/lab1_ws/install/lab1_pkg/share/lab1_pkg/package.bash'
[10.085s] INFO:colcon.colcon_core.shell:Creating package script '/home/judson35/lab1_ws/install/lab1_pkg/share/lab1_pkg/package.zsh'
[10.085s] Level 1:colcon.colcon_core.environment:create_file_with_runtime_dependencies(/home/judson35/lab1_ws/install/lab1_pkg/share/colcon-core/packages/lab1_pkg)
[10.086s] DEBUG:colcon.colcon_parallel_executor.executor.parallel:closing loop
[10.086s] DEBUG:colcon.colcon_parallel_executor.executor.parallel:loop closed
[10.087s] DEBUG:colcon.colcon_parallel_executor.executor.parallel:run_until_complete finished with '0'
[10.087s] DEBUG:colcon.colcon_core.event_reactor:joining thread
[10.096s] INFO:colcon.colcon_core.plugin_system:Skipping extension 'colcon_notification.desktop_notification.terminal_notifier': Not used on non-Darwin systems
[10.097s] INFO:colcon.colcon_core.plugin_system:Skipping extension 'colcon_notification.desktop_notification.win32': Not used on non-Windows systems
[10.097s] INFO:colcon.colcon_notification.desktop_notification:Sending desktop notification using 'notify2'
[10.126s] DEBUG:colcon.colcon_core.event_reactor:joined thread
[10.131s] INFO:colcon.colcon_core.shell:Creating prefix script '/home/judson35/lab1_ws/install/local_setup.ps1'
[10.133s] INFO:colcon.colcon_core.shell:Creating prefix util module '/home/judson35/lab1_ws/install/_local_setup_util_ps1.py'
[10.138s] INFO:colcon.colcon_core.shell:Creating prefix chain script '/home/judson35/lab1_ws/install/setup.ps1'
[10.142s] INFO:colcon.colcon_core.shell:Creating prefix script '/home/judson35/lab1_ws/install/local_setup.sh'
[10.144s] INFO:colcon.colcon_core.shell:Creating prefix util module '/home/judson35/lab1_ws/install/_local_setup_util_sh.py'
[10.145s] INFO:colcon.colcon_core.shell:Creating prefix chain script '/home/judson35/lab1_ws/install/setup.sh'
[10.150s] INFO:colcon.colcon_core.shell:Creating prefix script '/home/judson35/lab1_ws/install/local_setup.bash'
[10.151s] INFO:colcon.colcon_core.shell:Creating prefix chain script '/home/judson35/lab1_ws/install/setup.bash'
[10.155s] INFO:colcon.colcon_core.shell:Creating prefix script '/home/judson35/lab1_ws/install/local_setup.zsh'
[10.156s] INFO:colcon.colcon_core.shell:Creating prefix chain script '/home/judson35/lab1_ws/install/setup.zsh'
