[1.002s] DEBUG:colcon:Command line arguments: ['/usr/bin/colcon', 'build']
[1.002s] DEBUG:colcon:Parsed command line arguments: Namespace(allow_overriding=[], ament_cmake_args=None, base_paths=['.'], build_base='build', catkin_cmake_args=None, catkin_skip_building_tests=False, cmake_args=None, cmake_clean_cache=False, cmake_clean_first=False, cmake_force_configure=False, cmake_target=None, cmake_target_skip_unavailable=False, continue_on_error=False, event_handlers=None, executor='parallel', ignore_user_meta=False, install_base='install', log_base=None, log_level=None, main=<bound method BuildVerb.main of <colcon_core.verb.build.BuildVerb object at 0x7f1606d31100>>, merge_install=False, metas=['./colcon.meta'], packages_above=None, packages_above_and_dependencies=None, packages_above_depth=None, packages_end=None, packages_ignore=None, packages_ignore_regex=None, packages_select=None, packages_select_build_failed=False, packages_select_by_dep=None, packages_select_regex=None, packages_select_test_failures=False, packages_skip=None, packages_skip_build_finished=False, packages_skip_by_dep=None, packages_skip_regex=None, packages_skip_test_passed=False, packages_skip_up_to=None, packages_start=None, packages_up_to=None, packages_up_to_regex=None, parallel_workers=8, paths=None, symlink_install=False, test_result_base=None, verb_extension=<colcon_core.verb.build.BuildVerb object at 0x7f1606d31100>, verb_name='build', verb_parser=<colcon_defaults.argument_parser.defaults.DefaultArgumentsDecorator object at 0x7f1606d31640>)
[1.078s] Level 1:colcon.colcon_core.package_discovery:discover_packages(colcon_meta) check parameters
[1.078s] Level 1:colcon.colcon_core.package_discovery:discover_packages(recursive) check parameters
[1.078s] Level 1:colcon.colcon_core.package_discovery:discover_packages(ignore) check parameters
[1.078s] Level 1:colcon.colcon_core.package_discovery:discover_packages(path) check parameters
[1.078s] Level 1:colcon.colcon_core.package_discovery:discover_packages(colcon_meta) discover
[1.078s] Level 1:colcon.colcon_core.package_discovery:discover_packages(recursive) discover
[1.078s] INFO:colcon.colcon_core.package_discovery:Crawling recursively for packages in '/home/judson35/lab1_ws'
[1.079s] Level 1:colcon.colcon_core.package_identification:_identify(.) by extensions ['ignore', 'ignore_ament_install']
[1.079s] Level 1:colcon.colcon_core.package_identification:_identify(.) by extension 'ignore'
[1.079s] Level 1:colcon.colcon_core.package_identification:_identify(.) by extension 'ignore_ament_install'
[1.079s] Level 1:colcon.colcon_core.package_identification:_identify(.) by extensions ['colcon_pkg']
[1.079s] Level 1:colcon.colcon_core.package_identification:_identify(.) by extension 'colcon_pkg'
[1.079s] Level 1:colcon.colcon_core.package_identification:_identify(.) by extensions ['colcon_meta']
[1.079s] Level 1:colcon.colcon_core.package_identification:_identify(.) by extension 'colcon_meta'
[1.079s] Level 1:colcon.colcon_core.package_identification:_identify(.) by extensions ['ros']
[1.079s] Level 1:colcon.colcon_core.package_identification:_identify(.) by extension 'ros'
[1.105s] Level 1:colcon.colcon_core.package_identification:_identify(.) by extensions ['cmake', 'python']
[1.105s] Level 1:colcon.colcon_core.package_identification:_identify(.) by extension 'cmake'
[1.105s] Level 1:colcon.colcon_core.package_identification:_identify(.) by extension 'python'
[1.105s] Level 1:colcon.colcon_core.package_identification:_identify(.) by extensions ['python_setup_py']
[1.105s] Level 1:colcon.colcon_core.package_identification:_identify(.) by extension 'python_setup_py'
[1.105s] Level 1:colcon.colcon_core.package_identification:_identify(build) by extensions ['ignore', 'ignore_ament_install']
[1.106s] Level 1:colcon.colcon_core.package_identification:_identify(build) by extension 'ignore'
[1.106s] Level 1:colcon.colcon_core.package_identification:_identify(build) ignored
[1.106s] Level 1:colcon.colcon_core.package_identification:_identify(install) by extensions ['ignore', 'ignore_ament_install']
[1.106s] Level 1:colcon.colcon_core.package_identification:_identify(install) by extension 'ignore'
[1.106s] Level 1:colcon.colcon_core.package_identification:_identify(install) ignored
[1.107s] Level 1:colcon.colcon_core.package_identification:_identify(log) by extensions ['ignore', 'ignore_ament_install']
[1.107s] Level 1:colcon.colcon_core.package_identification:_identify(log) by extension 'ignore'
[1.107s] Level 1:colcon.colcon_core.package_identification:_identify(log) ignored
[1.107s] Level 1:colcon.colcon_core.package_identification:_identify(src) by extensions ['ignore', 'ignore_ament_install']
[1.107s] Level 1:colcon.colcon_core.package_identification:_identify(src) by extension 'ignore'
[1.107s] Level 1:colcon.colcon_core.package_identification:_identify(src) by extension 'ignore_ament_install'
[1.107s] Level 1:colcon.colcon_core.package_identification:_identify(src) by extensions ['colcon_pkg']
[1.107s] Level 1:colcon.colcon_core.package_identification:_identify(src) by extension 'colcon_pkg'
[1.107s] Level 1:colcon.colcon_core.package_identification:_identify(src) by extensions ['colcon_meta']
[1.108s] Level 1:colcon.colcon_core.package_identification:_identify(src) by extension 'colcon_meta'
[1.108s] Level 1:colcon.colcon_core.package_identification:_identify(src) by extensions ['ros']
[1.108s] Level 1:colcon.colcon_core.package_identification:_identify(src) by extension 'ros'
[1.108s] Level 1:colcon.colcon_core.package_identification:_identify(src) by extensions ['cmake', 'python']
[1.108s] Level 1:colcon.colcon_core.package_identification:_identify(src) by extension 'cmake'
[1.108s] Level 1:colcon.colcon_core.package_identification:_identify(src) by extension 'python'
[1.108s] Level 1:colcon.colcon_core.package_identification:_identify(src) by extensions ['python_setup_py']
[1.108s] Level 1:colcon.colcon_core.package_identification:_identify(src) by extension 'python_setup_py'
[1.108s] Level 1:colcon.colcon_core.package_identification:_identify(src/lab1_pkg) by extensions ['ignore', 'ignore_ament_install']
[1.109s] Level 1:colcon.colcon_core.package_identification:_identify(src/lab1_pkg) by extension 'ignore'
[1.109s] Level 1:colcon.colcon_core.package_identification:_identify(src/lab1_pkg) by extension 'ignore_ament_install'
[1.109s] Level 1:colcon.colcon_core.package_identification:_identify(src/lab1_pkg) by extensions ['colcon_pkg']
[1.109s] Level 1:colcon.colcon_core.package_identification:_identify(src/lab1_pkg) by extension 'colcon_pkg'
[1.109s] Level 1:colcon.colcon_core.package_identification:_identify(src/lab1_pkg) by extensions ['colcon_meta']
[1.109s] Level 1:colcon.colcon_core.package_identification:_identify(src/lab1_pkg) by extension 'colcon_meta'
[1.109s] Level 1:colcon.colcon_core.package_identification:_identify(src/lab1_pkg) by extensions ['ros']
[1.109s] Level 1:colcon.colcon_core.package_identification:_identify(src/lab1_pkg) by extension 'ros'
[1.115s] DEBUG:colcon.colcon_core.package_identification:Package 'src/lab1_pkg' with type 'ros.ament_cmake' and name 'lab1_pkg'
[1.115s] Level 1:colcon.colcon_core.package_discovery:discover_packages(recursive) using defaults
[1.115s] Level 1:colcon.colcon_core.package_discovery:discover_packages(ignore) discover
[1.115s] Level 1:colcon.colcon_core.package_discovery:discover_packages(ignore) using defaults
[1.115s] Level 1:colcon.colcon_core.package_discovery:discover_packages(path) discover
[1.115s] Level 1:colcon.colcon_core.package_discovery:discover_packages(path) using defaults
[1.158s] Level 1:colcon.colcon_core.package_discovery:discover_packages(prefix_path) check parameters
[1.158s] Level 1:colcon.colcon_core.package_discovery:discover_packages(prefix_path) discover
[1.165s] DEBUG:colcon.colcon_installed_package_information.package_discovery:Found 257 installed packages in /opt/ros/foxy
[1.169s] DEBUG:colcon.colcon_installed_package_information.package_discovery:Found 3 installed packages in /opt/ros/noetic
[1.170s] Level 1:colcon.colcon_core.package_discovery:discover_packages(prefix_path) using defaults
[1.310s] Level 5:colcon.colcon_core.verb:set package 'lab1_pkg' build argument 'cmake_args' from command line to 'None'
[1.310s] Level 5:colcon.colcon_core.verb:set package 'lab1_pkg' build argument 'cmake_target' from command line to 'None'
[1.310s] Level 5:colcon.colcon_core.verb:set package 'lab1_pkg' build argument 'cmake_target_skip_unavailable' from command line to 'False'
[1.310s] Level 5:colcon.colcon_core.verb:set package 'lab1_pkg' build argument 'cmake_clean_cache' from command line to 'False'
[1.310s] Level 5:colcon.colcon_core.verb:set package 'lab1_pkg' build argument 'cmake_clean_first' from command line to 'False'
[1.310s] Level 5:colcon.colcon_core.verb:set package 'lab1_pkg' build argument 'cmake_force_configure' from command line to 'False'
[1.310s] Level 5:colcon.colcon_core.verb:set package 'lab1_pkg' build argument 'ament_cmake_args' from command line to 'None'
[1.310s] Level 5:colcon.colcon_core.verb:set package 'lab1_pkg' build argument 'catkin_cmake_args' from command line to 'None'
[1.310s] Level 5:colcon.colcon_core.verb:set package 'lab1_pkg' build argument 'catkin_skip_building_tests' from command line to 'False'
[1.311s] DEBUG:colcon.colcon_core.verb:Building package 'lab1_pkg' with the following arguments: {'ament_cmake_args': None, 'build_base': '/home/judson35/lab1_ws/build/lab1_pkg', 'catkin_cmake_args': None, 'catkin_skip_building_tests': False, 'cmake_args': None, 'cmake_clean_cache': False, 'cmake_clean_first': False, 'cmake_force_configure': False, 'cmake_target': None, 'cmake_target_skip_unavailable': False, 'install_base': '/home/judson35/lab1_ws/install/lab1_pkg', 'merge_install': False, 'path': '/home/judson35/lab1_ws/src/lab1_pkg', 'symlink_install': False, 'test_result_base': None}
[1.312s] INFO:colcon.colcon_core.executor:Executing jobs using 'parallel' executor
[1.319s] DEBUG:colcon.colcon_parallel_executor.executor.parallel:run_until_complete
[1.319s] INFO:colcon.colcon_ros.task.ament_cmake.build:Building ROS package in '/home/judson35/lab1_ws/src/lab1_pkg' with build type 'ament_cmake'
[1.320s] INFO:colcon.colcon_cmake.task.cmake.build:Building CMake package in '/home/judson35/lab1_ws/src/lab1_pkg'
[1.330s] INFO:colcon.colcon_core.plugin_system:Skipping extension 'colcon_core.shell.bat': Not used on non-Windows systems
[1.330s] INFO:colcon.colcon_core.shell:Skip shell extension 'powershell' for command environment: Not usable outside of PowerShell
[1.331s] DEBUG:colcon.colcon_core.shell:Skip shell extension 'dsv' for command environment
[1.350s] DEBUG:colcon.colcon_core.event_handler.log_command:Invoking command in '/home/judson35/lab1_ws/build/lab1_pkg': CMAKE_PREFIX_PATH=/opt/ros/foxy:${CMAKE_PREFIX_PATH} /usr/bin/cmake --build /home/judson35/lab1_ws/build/lab1_pkg -- -j8 -l8
[7.578s] DEBUG:colcon.colcon_core.event_handler.log_command:Invoked command in '/home/judson35/lab1_ws/build/lab1_pkg' returned '0': CMAKE_PREFIX_PATH=/opt/ros/foxy:${CMAKE_PREFIX_PATH} /usr/bin/cmake --build /home/judson35/lab1_ws/build/lab1_pkg -- -j8 -l8
[7.641s] DEBUG:colcon.colcon_core.event_handler.log_command:Invoking command in '/home/judson35/lab1_ws/build/lab1_pkg': CMAKE_PREFIX_PATH=/opt/ros/foxy:${CMAKE_PREFIX_PATH} /usr/bin/cmake --install /home/judson35/lab1_ws/build/lab1_pkg
[7.701s] Level 1:colcon.colcon_core.environment:create_environment_scripts_only(lab1_pkg)
[7.705s] DEBUG:colcon.colcon_core.event_handler.log_command:Invoked command in '/home/judson35/lab1_ws/build/lab1_pkg' returned '0': CMAKE_PREFIX_PATH=/opt/ros/foxy:${CMAKE_PREFIX_PATH} /usr/bin/cmake --install /home/judson35/lab1_ws/build/lab1_pkg
[7.735s] Level 1:colcon.colcon_core.environment:checking '/home/judson35/lab1_ws/install/lab1_pkg' for CMake module files
[7.737s] Level 1:colcon.colcon_core.environment:checking '/home/judson35/lab1_ws/install/lab1_pkg' for CMake config files
[7.738s] Level 1:colcon.colcon_core.shell:create_environment_hook('lab1_pkg', 'cmake_prefix_path')
[7.746s] INFO:colcon.colcon_core.shell:Creating environment hook '/home/judson35/lab1_ws/install/lab1_pkg/share/lab1_pkg/hook/cmake_prefix_path.ps1'
[7.750s] INFO:colcon.colcon_core.shell:Creating environment descriptor '/home/judson35/lab1_ws/install/lab1_pkg/share/lab1_pkg/hook/cmake_prefix_path.dsv'
[7.752s] INFO:colcon.colcon_core.shell:Creating environment hook '/home/judson35/lab1_ws/install/lab1_pkg/share/lab1_pkg/hook/cmake_prefix_path.sh'
[7.756s] Level 1:colcon.colcon_core.environment:checking '/home/judson35/lab1_ws/install/lab1_pkg/lib'
[7.757s] Level 1:colcon.colcon_core.environment:checking '/home/judson35/lab1_ws/install/lab1_pkg/bin'
[7.758s] Level 1:colcon.colcon_core.environment:checking '/home/judson35/lab1_ws/install/lab1_pkg/lib/pkgconfig/lab1_pkg.pc'
[7.759s] Level 1:colcon.colcon_core.environment:checking '/home/judson35/lab1_ws/install/lab1_pkg/lib/python3.8/site-packages'
[7.759s] Level 1:colcon.colcon_core.environment:checking '/home/judson35/lab1_ws/install/lab1_pkg/bin'
[7.765s] INFO:colcon.colcon_core.shell:Creating package script '/home/judson35/lab1_ws/install/lab1_pkg/share/lab1_pkg/package.ps1'
[7.768s] INFO:colcon.colcon_core.shell:Creating package descriptor '/home/judson35/lab1_ws/install/lab1_pkg/share/lab1_pkg/package.dsv'
[7.770s] INFO:colcon.colcon_core.shell:Creating package script '/home/judson35/lab1_ws/install/lab1_pkg/share/lab1_pkg/package.sh'
[7.773s] INFO:colcon.colcon_core.shell:Creating package script '/home/judson35/lab1_ws/install/lab1_pkg/share/lab1_pkg/package.bash'
[7.776s] INFO:colcon.colcon_core.shell:Creating package script '/home/judson35/lab1_ws/install/lab1_pkg/share/lab1_pkg/package.zsh'
[7.779s] Level 1:colcon.colcon_core.environment:create_file_with_runtime_dependencies(/home/judson35/lab1_ws/install/lab1_pkg/share/colcon-core/packages/lab1_pkg)
[7.873s] Level 1:colcon.colcon_core.environment:create_environment_scripts_only(lab1_pkg)
[7.884s] Level 1:colcon.colcon_core.environment:checking '/home/judson35/lab1_ws/install/lab1_pkg' for CMake module files
[7.886s] Level 1:colcon.colcon_core.environment:checking '/home/judson35/lab1_ws/install/lab1_pkg' for CMake config files
[7.887s] Level 1:colcon.colcon_core.shell:create_environment_hook('lab1_pkg', 'cmake_prefix_path')
[7.895s] INFO:colcon.colcon_core.shell:Creating environment hook '/home/judson35/lab1_ws/install/lab1_pkg/share/lab1_pkg/hook/cmake_prefix_path.ps1'
[7.897s] INFO:colcon.colcon_core.shell:Creating environment descriptor '/home/judson35/lab1_ws/install/lab1_pkg/share/lab1_pkg/hook/cmake_prefix_path.dsv'
[7.898s] INFO:colcon.colcon_core.shell:Creating environment hook '/home/judson35/lab1_ws/install/lab1_pkg/share/lab1_pkg/hook/cmake_prefix_path.sh'
[7.901s] Level 1:colcon.colcon_core.environment:checking '/home/judson35/lab1_ws/install/lab1_pkg/lib'
[7.901s] Level 1:colcon.colcon_core.environment:checking '/home/judson35/lab1_ws/install/lab1_pkg/bin'
[7.901s] Level 1:colcon.colcon_core.environment:checking '/home/judson35/lab1_ws/install/lab1_pkg/lib/pkgconfig/lab1_pkg.pc'
[7.902s] Level 1:colcon.colcon_core.environment:checking '/home/judson35/lab1_ws/install/lab1_pkg/lib/python3.8/site-packages'
[7.903s] Level 1:colcon.colcon_core.environment:checking '/home/judson35/lab1_ws/install/lab1_pkg/bin'
[7.909s] INFO:colcon.colcon_core.shell:Creating package script '/home/judson35/lab1_ws/install/lab1_pkg/share/lab1_pkg/package.ps1'
[7.911s] INFO:colcon.colcon_core.shell:Creating package descriptor '/home/judson35/lab1_ws/install/lab1_pkg/share/lab1_pkg/package.dsv'
[7.914s] INFO:colcon.colcon_core.shell:Creating package script '/home/judson35/lab1_ws/install/lab1_pkg/share/lab1_pkg/package.sh'
[7.916s] INFO:colcon.colcon_core.shell:Creating package script '/home/judson35/lab1_ws/install/lab1_pkg/share/lab1_pkg/package.bash'
[7.918s] INFO:colcon.colcon_core.shell:Creating package script '/home/judson35/lab1_ws/install/lab1_pkg/share/lab1_pkg/package.zsh'
[7.919s] Level 1:colcon.colcon_core.environment:create_file_with_runtime_dependencies(/home/judson35/lab1_ws/install/lab1_pkg/share/colcon-core/packages/lab1_pkg)
[7.920s] DEBUG:colcon.colcon_parallel_executor.executor.parallel:closing loop
[7.921s] DEBUG:colcon.colcon_parallel_executor.executor.parallel:loop closed
[7.922s] DEBUG:colcon.colcon_parallel_executor.executor.parallel:run_until_complete finished with '0'
[7.923s] DEBUG:colcon.colcon_core.event_reactor:joining thread
[7.951s] INFO:colcon.colcon_core.plugin_system:Skipping extension 'colcon_notification.desktop_notification.terminal_notifier': Not used on non-Darwin systems
[7.952s] INFO:colcon.colcon_core.plugin_system:Skipping extension 'colcon_notification.desktop_notification.win32': Not used on non-Windows systems
[7.952s] INFO:colcon.colcon_notification.desktop_notification:Sending desktop notification using 'notify2'
[8.056s] DEBUG:colcon.colcon_core.event_reactor:joined thread
[8.065s] INFO:colcon.colcon_core.shell:Creating prefix script '/home/judson35/lab1_ws/install/local_setup.ps1'
[8.075s] INFO:colcon.colcon_core.shell:Creating prefix util module '/home/judson35/lab1_ws/install/_local_setup_util_ps1.py'
[8.080s] INFO:colcon.colcon_core.shell:Creating prefix chain script '/home/judson35/lab1_ws/install/setup.ps1'
[8.085s] INFO:colcon.colcon_core.shell:Creating prefix script '/home/judson35/lab1_ws/install/local_setup.sh'
[8.088s] INFO:colcon.colcon_core.shell:Creating prefix util module '/home/judson35/lab1_ws/install/_local_setup_util_sh.py'
[8.090s] INFO:colcon.colcon_core.shell:Creating prefix chain script '/home/judson35/lab1_ws/install/setup.sh'
[8.099s] INFO:colcon.colcon_core.shell:Creating prefix script '/home/judson35/lab1_ws/install/local_setup.bash'
[8.102s] INFO:colcon.colcon_core.shell:Creating prefix chain script '/home/judson35/lab1_ws/install/setup.bash'
[8.111s] INFO:colcon.colcon_core.shell:Creating prefix script '/home/judson35/lab1_ws/install/local_setup.zsh'
[8.114s] INFO:colcon.colcon_core.shell:Creating prefix chain script '/home/judson35/lab1_ws/install/setup.zsh'
