[0.029s] Invoking command in '/home/judson35/lab1_ws/build/lab1_pkg': CMAKE_PREFIX_PATH=/home/judson35/lab1_ws/install/lab1_pkg:/opt/ros/foxy:/opt/ros/noetic /usr/bin/cmake --build /home/judson35/lab1_ws/build/lab1_pkg -- -j8 -l8
[0.100s] [35m[1mScanning dependencies of target talker[0m
[0.188s] [ 50%] [32mBuilding CXX object CMakeFiles/talker.dir/src/talker.cpp.o[0m
[2.355s] [01m[K/home/judson35/lab1_ws/src/lab1_pkg/src/talker.cpp:15:2:[m[K [01;35m[Kwarning: [m[Kextra ‘[01m[K;[m[K’ [[01;35m[K-Wpedantic[m[K]
[2.355s]    15 | }[01;35m[K;[m[K
[2.355s]       |  [01;35m[K^[m[K
[5.420s] [100%] [32m[1mLinking CXX executable talker[0m
[5.708s] [100%] Built target talker
[5.728s] Invoked command in '/home/judson35/lab1_ws/build/lab1_pkg' returned '0': CMAKE_PREFIX_PATH=/home/judson35/lab1_ws/install/lab1_pkg:/opt/ros/foxy:/opt/ros/noetic /usr/bin/cmake --build /home/judson35/lab1_ws/build/lab1_pkg -- -j8 -l8
[5.785s] Invoking command in '/home/judson35/lab1_ws/build/lab1_pkg': CMAKE_PREFIX_PATH=/home/judson35/lab1_ws/install/lab1_pkg:/opt/ros/foxy:/opt/ros/noetic /usr/bin/cmake --install /home/judson35/lab1_ws/build/lab1_pkg
[5.799s] -- Install configuration: ""
[5.799s] -- Installing: /home/judson35/lab1_ws/install/lab1_pkg/lib/lab1_pkg/talker
[5.800s] -- Set runtime path of "/home/judson35/lab1_ws/install/lab1_pkg/lib/lab1_pkg/talker" to ""
[5.801s] -- Up-to-date: /home/judson35/lab1_ws/install/lab1_pkg/share/ament_index/resource_index/package_run_dependencies/lab1_pkg
[5.801s] -- Up-to-date: /home/judson35/lab1_ws/install/lab1_pkg/share/ament_index/resource_index/parent_prefix_path/lab1_pkg
[5.801s] -- Up-to-date: /home/judson35/lab1_ws/install/lab1_pkg/share/lab1_pkg/environment/ament_prefix_path.sh
[5.801s] -- Up-to-date: /home/judson35/lab1_ws/install/lab1_pkg/share/lab1_pkg/environment/ament_prefix_path.dsv
[5.801s] -- Up-to-date: /home/judson35/lab1_ws/install/lab1_pkg/share/lab1_pkg/environment/path.sh
[5.802s] -- Up-to-date: /home/judson35/lab1_ws/install/lab1_pkg/share/lab1_pkg/environment/path.dsv
[5.802s] -- Up-to-date: /home/judson35/lab1_ws/install/lab1_pkg/share/lab1_pkg/local_setup.bash
[5.802s] -- Up-to-date: /home/judson35/lab1_ws/install/lab1_pkg/share/lab1_pkg/local_setup.sh
[5.802s] -- Up-to-date: /home/judson35/lab1_ws/install/lab1_pkg/share/lab1_pkg/local_setup.zsh
[5.802s] -- Up-to-date: /home/judson35/lab1_ws/install/lab1_pkg/share/lab1_pkg/local_setup.dsv
[5.802s] -- Installing: /home/judson35/lab1_ws/install/lab1_pkg/share/lab1_pkg/package.dsv
[5.802s] -- Up-to-date: /home/judson35/lab1_ws/install/lab1_pkg/share/ament_index/resource_index/packages/lab1_pkg
[5.802s] -- Up-to-date: /home/judson35/lab1_ws/install/lab1_pkg/share/lab1_pkg/cmake/lab1_pkgConfig.cmake
[5.803s] -- Up-to-date: /home/judson35/lab1_ws/install/lab1_pkg/share/lab1_pkg/cmake/lab1_pkgConfig-version.cmake
[5.803s] -- Up-to-date: /home/judson35/lab1_ws/install/lab1_pkg/share/lab1_pkg/package.xml
[5.805s] Invoked command in '/home/judson35/lab1_ws/build/lab1_pkg' returned '0': CMAKE_PREFIX_PATH=/home/judson35/lab1_ws/install/lab1_pkg:/opt/ros/foxy:/opt/ros/noetic /usr/bin/cmake --install /home/judson35/lab1_ws/build/lab1_pkg
