[0.033s] Invoking command in '/home/judson35/lab1_ws/build/lab1_pkg': CMAKE_PREFIX_PATH=/home/judson35/lab1_ws/install/lab1_pkg:/opt/ros/foxy:/opt/ros/noetic /usr/bin/cmake --build /home/judson35/lab1_ws/build/lab1_pkg -- -j8 -l8
[0.099s] [35m[1mScanning dependencies of target relay[0m
[0.138s] [ 50%] Built target talker
[0.147s] [ 75%] [32mBuilding CXX object CMakeFiles/relay.dir/src/relay.cpp.o[0m
[2.368s] In file included from [01m[K/opt/ros/foxy/include/rclcpp/client.hpp:40[m[K,
[2.368s]                  from [01m[K/opt/ros/foxy/include/rclcpp/callback_group.hpp:23[m[K,
[2.368s]                  from [01m[K/opt/ros/foxy/include/rclcpp/any_executable.hpp:20[m[K,
[2.368s]                  from [01m[K/opt/ros/foxy/include/rclcpp/memory_strategy.hpp:24[m[K,
[2.368s]                  from [01m[K/opt/ros/foxy/include/rclcpp/memory_strategies.hpp:18[m[K,
[2.369s]                  from [01m[K/opt/ros/foxy/include/rclcpp/executor_options.hpp:20[m[K,
[2.369s]                  from [01m[K/opt/ros/foxy/include/rclcpp/executor.hpp:33[m[K,
[2.369s]                  from [01m[K/opt/ros/foxy/include/rclcpp/executors/multi_threaded_executor.hpp:26[m[K,
[2.369s]                  from [01m[K/opt/ros/foxy/include/rclcpp/executors.hpp:21[m[K,
[2.369s]                  from [01m[K/opt/ros/foxy/include/rclcpp/rclcpp.hpp:146[m[K,
[2.369s]                  from [01m[K/home/judson35/lab1_ws/src/lab1_pkg/src/relay.cpp:5[m[K:
[2.369s] [01m[K/home/judson35/lab1_ws/src/lab1_pkg/src/relay.cpp:[m[K In member function ‘[01m[Kvoid Relay::topic_callback(ackermann_msgs::msg::AckermannDriveStamped_<std::allocator<void> >::SharedPtr) const[m[K’:
[2.369s] [01m[K/home/judson35/lab1_ws/src/lab1_pkg/src/relay.cpp:31:103:[m[K [01;31m[Kerror: [m[Kbase operand of ‘[01m[K->[m[K’ has non-pointer type ‘[01m[Kackermann_msgs::msg::AckermannDriveStamped_<std::allocator<void> >[m[K’
[2.369s]    31 | : %d \t Steering Angle: %d}", relay_message[01;31m[K->[m[Kdrive.speed, relay_message->drive.steering_angle);
[2.370s]       |                                            [01;31m[K^~[m[K
[2.370s] 
[2.370s] [01m[K/home/judson35/lab1_ws/src/lab1_pkg/src/relay.cpp:31:131:[m[K [01;31m[Kerror: [m[Kbase operand of ‘[01m[K->[m[K’ has non-pointer type ‘[01m[Kackermann_msgs::msg::AckermannDriveStamped_<std::allocator<void> >[m[K’
[2.370s]    31 | , relay_message->drive.speed, relay_message[01;31m[K->[m[Kdrive.steering_angle);
[2.370s]       |                                            [01;31m[K^~[m[K
[2.370s] 
[4.965s] make[2]: *** [CMakeFiles/relay.dir/build.make:63: CMakeFiles/relay.dir/src/relay.cpp.o] Error 1
[4.966s] make[1]: *** [CMakeFiles/Makefile2:80: CMakeFiles/relay.dir/all] Error 2
[4.966s] make: *** [Makefile:141: all] Error 2
[4.969s] Invoked command in '/home/judson35/lab1_ws/build/lab1_pkg' returned '2': CMAKE_PREFIX_PATH=/home/judson35/lab1_ws/install/lab1_pkg:/opt/ros/foxy:/opt/ros/noetic /usr/bin/cmake --build /home/judson35/lab1_ws/build/lab1_pkg -- -j8 -l8
