[0.613s] DEBUG:colcon:Command line arguments: ['/usr/bin/colcon', 'build']
[0.613s] DEBUG:colcon:Parsed command line arguments: Namespace(allow_overriding=[], ament_cmake_args=None, base_paths=['.'], build_base='build', catkin_cmake_args=None, catkin_skip_building_tests=False, cmake_args=None, cmake_clean_cache=False, cmake_clean_first=False, cmake_force_configure=False, cmake_target=None, cmake_target_skip_unavailable=False, continue_on_error=False, event_handlers=None, executor='parallel', ignore_user_meta=False, install_base='install', log_base=None, log_level=None, main=<bound method BuildVerb.main of <colcon_core.verb.build.BuildVerb object at 0x7f3c38ee8220>>, merge_install=False, metas=['./colcon.meta'], packages_above=None, packages_above_and_dependencies=None, packages_above_depth=None, packages_end=None, packages_ignore=None, packages_ignore_regex=None, packages_select=None, packages_select_build_failed=False, packages_select_by_dep=None, packages_select_regex=None, packages_select_test_failures=False, packages_skip=None, packages_skip_build_finished=False, packages_skip_by_dep=None, packages_skip_regex=None, packages_skip_test_passed=False, packages_skip_up_to=None, packages_start=None, packages_up_to=None, packages_up_to_regex=None, parallel_workers=8, paths=None, symlink_install=False, test_result_base=None, verb_extension=<colcon_core.verb.build.BuildVerb object at 0x7f3c38ee8220>, verb_name='build', verb_parser=<colcon_defaults.argument_parser.defaults.DefaultArgumentsDecorator object at 0x7f3c38ee8760>)
[0.666s] Level 1:colcon.colcon_core.package_discovery:discover_packages(colcon_meta) check parameters
[0.667s] Level 1:colcon.colcon_core.package_discovery:discover_packages(recursive) check parameters
[0.667s] Level 1:colcon.colcon_core.package_discovery:discover_packages(ignore) check parameters
[0.667s] Level 1:colcon.colcon_core.package_discovery:discover_packages(path) check parameters
[0.667s] Level 1:colcon.colcon_core.package_discovery:discover_packages(colcon_meta) discover
[0.667s] Level 1:colcon.colcon_core.package_discovery:discover_packages(recursive) discover
[0.667s] INFO:colcon.colcon_core.package_discovery:Crawling recursively for packages in '/home/judson35/lab1_ws'
[0.667s] Level 1:colcon.colcon_core.package_identification:_identify(.) by extensions ['ignore', 'ignore_ament_install']
[0.667s] Level 1:colcon.colcon_core.package_identification:_identify(.) by extension 'ignore'
[0.667s] Level 1:colcon.colcon_core.package_identification:_identify(.) by extension 'ignore_ament_install'
[0.668s] Level 1:colcon.colcon_core.package_identification:_identify(.) by extensions ['colcon_pkg']
[0.668s] Level 1:colcon.colcon_core.package_identification:_identify(.) by extension 'colcon_pkg'
[0.668s] Level 1:colcon.colcon_core.package_identification:_identify(.) by extensions ['colcon_meta']
[0.668s] Level 1:colcon.colcon_core.package_identification:_identify(.) by extension 'colcon_meta'
[0.668s] Level 1:colcon.colcon_core.package_identification:_identify(.) by extensions ['ros']
[0.668s] Level 1:colcon.colcon_core.package_identification:_identify(.) by extension 'ros'
[0.686s] Level 1:colcon.colcon_core.package_identification:_identify(.) by extensions ['cmake', 'python']
[0.686s] Level 1:colcon.colcon_core.package_identification:_identify(.) by extension 'cmake'
[0.686s] Level 1:colcon.colcon_core.package_identification:_identify(.) by extension 'python'
[0.686s] Level 1:colcon.colcon_core.package_identification:_identify(.) by extensions ['python_setup_py']
[0.686s] Level 1:colcon.colcon_core.package_identification:_identify(.) by extension 'python_setup_py'
[0.687s] Level 1:colcon.colcon_core.package_identification:_identify(build) by extensions ['ignore', 'ignore_ament_install']
[0.687s] Level 1:colcon.colcon_core.package_identification:_identify(build) by extension 'ignore'
[0.687s] Level 1:colcon.colcon_core.package_identification:_identify(build) ignored
[0.687s] Level 1:colcon.colcon_core.package_identification:_identify(install) by extensions ['ignore', 'ignore_ament_install']
[0.687s] Level 1:colcon.colcon_core.package_identification:_identify(install) by extension 'ignore'
[0.687s] Level 1:colcon.colcon_core.package_identification:_identify(install) ignored
[0.688s] Level 1:colcon.colcon_core.package_identification:_identify(log) by extensions ['ignore', 'ignore_ament_install']
[0.688s] Level 1:colcon.colcon_core.package_identification:_identify(log) by extension 'ignore'
[0.688s] Level 1:colcon.colcon_core.package_identification:_identify(log) ignored
[0.688s] Level 1:colcon.colcon_core.package_identification:_identify(src) by extensions ['ignore', 'ignore_ament_install']
[0.688s] Level 1:colcon.colcon_core.package_identification:_identify(src) by extension 'ignore'
[0.688s] Level 1:colcon.colcon_core.package_identification:_identify(src) by extension 'ignore_ament_install'
[0.688s] Level 1:colcon.colcon_core.package_identification:_identify(src) by extensions ['colcon_pkg']
[0.688s] Level 1:colcon.colcon_core.package_identification:_identify(src) by extension 'colcon_pkg'
[0.688s] Level 1:colcon.colcon_core.package_identification:_identify(src) by extensions ['colcon_meta']
[0.689s] Level 1:colcon.colcon_core.package_identification:_identify(src) by extension 'colcon_meta'
[0.689s] Level 1:colcon.colcon_core.package_identification:_identify(src) by extensions ['ros']
[0.689s] Level 1:colcon.colcon_core.package_identification:_identify(src) by extension 'ros'
[0.689s] Level 1:colcon.colcon_core.package_identification:_identify(src) by extensions ['cmake', 'python']
[0.689s] Level 1:colcon.colcon_core.package_identification:_identify(src) by extension 'cmake'
[0.689s] Level 1:colcon.colcon_core.package_identification:_identify(src) by extension 'python'
[0.689s] Level 1:colcon.colcon_core.package_identification:_identify(src) by extensions ['python_setup_py']
[0.689s] Level 1:colcon.colcon_core.package_identification:_identify(src) by extension 'python_setup_py'
[0.689s] Level 1:colcon.colcon_core.package_identification:_identify(src/lab1_pkg) by extensions ['ignore', 'ignore_ament_install']
[0.690s] Level 1:colcon.colcon_core.package_identification:_identify(src/lab1_pkg) by extension 'ignore'
[0.690s] Level 1:colcon.colcon_core.package_identification:_identify(src/lab1_pkg) by extension 'ignore_ament_install'
[0.690s] Level 1:colcon.colcon_core.package_identification:_identify(src/lab1_pkg) by extensions ['colcon_pkg']
[0.690s] Level 1:colcon.colcon_core.package_identification:_identify(src/lab1_pkg) by extension 'colcon_pkg'
[0.690s] Level 1:colcon.colcon_core.package_identification:_identify(src/lab1_pkg) by extensions ['colcon_meta']
[0.690s] Level 1:colcon.colcon_core.package_identification:_identify(src/lab1_pkg) by extension 'colcon_meta'
[0.690s] Level 1:colcon.colcon_core.package_identification:_identify(src/lab1_pkg) by extensions ['ros']
[0.690s] Level 1:colcon.colcon_core.package_identification:_identify(src/lab1_pkg) by extension 'ros'
[0.698s] DEBUG:colcon.colcon_core.package_identification:Package 'src/lab1_pkg' with type 'ros.ament_cmake' and name 'lab1_pkg'
[0.698s] Level 1:colcon.colcon_core.package_discovery:discover_packages(recursive) using defaults
[0.698s] Level 1:colcon.colcon_core.package_discovery:discover_packages(ignore) discover
[0.698s] Level 1:colcon.colcon_core.package_discovery:discover_packages(ignore) using defaults
[0.698s] Level 1:colcon.colcon_core.package_discovery:discover_packages(path) discover
[0.698s] Level 1:colcon.colcon_core.package_discovery:discover_packages(path) using defaults
[0.738s] Level 1:colcon.colcon_core.package_discovery:discover_packages(prefix_path) check parameters
[0.738s] Level 1:colcon.colcon_core.package_discovery:discover_packages(prefix_path) discover
[0.744s] DEBUG:colcon.colcon_installed_package_information.package_discovery:Found 1 installed packages in /home/judson35/lab1_ws/install
[0.747s] DEBUG:colcon.colcon_installed_package_information.package_discovery:Found 257 installed packages in /opt/ros/foxy
[0.751s] DEBUG:colcon.colcon_installed_package_information.package_discovery:Found 3 installed packages in /opt/ros/noetic
[0.751s] Level 1:colcon.colcon_core.package_discovery:discover_packages(prefix_path) using defaults
[0.880s] Level 5:colcon.colcon_core.verb:set package 'lab1_pkg' build argument 'cmake_args' from command line to 'None'
[0.880s] Level 5:colcon.colcon_core.verb:set package 'lab1_pkg' build argument 'cmake_target' from command line to 'None'
[0.880s] Level 5:colcon.colcon_core.verb:set package 'lab1_pkg' build argument 'cmake_target_skip_unavailable' from command line to 'False'
[0.880s] Level 5:colcon.colcon_core.verb:set package 'lab1_pkg' build argument 'cmake_clean_cache' from command line to 'False'
[0.880s] Level 5:colcon.colcon_core.verb:set package 'lab1_pkg' build argument 'cmake_clean_first' from command line to 'False'
[0.880s] Level 5:colcon.colcon_core.verb:set package 'lab1_pkg' build argument 'cmake_force_configure' from command line to 'False'
[0.880s] Level 5:colcon.colcon_core.verb:set package 'lab1_pkg' build argument 'ament_cmake_args' from command line to 'None'
[0.880s] Level 5:colcon.colcon_core.verb:set package 'lab1_pkg' build argument 'catkin_cmake_args' from command line to 'None'
[0.880s] Level 5:colcon.colcon_core.verb:set package 'lab1_pkg' build argument 'catkin_skip_building_tests' from command line to 'False'
[0.880s] DEBUG:colcon.colcon_core.verb:Building package 'lab1_pkg' with the following arguments: {'ament_cmake_args': None, 'build_base': '/home/judson35/lab1_ws/build/lab1_pkg', 'catkin_cmake_args': None, 'catkin_skip_building_tests': False, 'cmake_args': None, 'cmake_clean_cache': False, 'cmake_clean_first': False, 'cmake_force_configure': False, 'cmake_target': None, 'cmake_target_skip_unavailable': False, 'install_base': '/home/judson35/lab1_ws/install/lab1_pkg', 'merge_install': False, 'path': '/home/judson35/lab1_ws/src/lab1_pkg', 'symlink_install': False, 'test_result_base': None}
[0.882s] INFO:colcon.colcon_core.executor:Executing jobs using 'parallel' executor
[0.888s] DEBUG:colcon.colcon_parallel_executor.executor.parallel:run_until_complete
[0.888s] INFO:colcon.colcon_ros.task.ament_cmake.build:Building ROS package in '/home/judson35/lab1_ws/src/lab1_pkg' with build type 'ament_cmake'
[0.888s] INFO:colcon.colcon_cmake.task.cmake.build:Building CMake package in '/home/judson35/lab1_ws/src/lab1_pkg'
[0.897s] INFO:colcon.colcon_core.plugin_system:Skipping extension 'colcon_core.shell.bat': Not used on non-Windows systems
[0.897s] INFO:colcon.colcon_core.shell:Skip shell extension 'powershell' for command environment: Not usable outside of PowerShell
[0.898s] DEBUG:colcon.colcon_core.shell:Skip shell extension 'dsv' for command environment
[0.919s] DEBUG:colcon.colcon_core.event_handler.log_command:Invoking command in '/home/judson35/lab1_ws/build/lab1_pkg': CMAKE_PREFIX_PATH=/home/judson35/lab1_ws/install/lab1_pkg:/opt/ros/foxy:/opt/ros/noetic /usr/bin/cmake --build /home/judson35/lab1_ws/build/lab1_pkg -- -j8 -l8
[10.951s] DEBUG:colcon.colcon_core.event_handler.log_command:Invoked command in '/home/judson35/lab1_ws/build/lab1_pkg' returned '0': CMAKE_PREFIX_PATH=/home/judson35/lab1_ws/install/lab1_pkg:/opt/ros/foxy:/opt/ros/noetic /usr/bin/cmake --build /home/judson35/lab1_ws/build/lab1_pkg -- -j8 -l8
[11.010s] DEBUG:colcon.colcon_core.event_handler.log_command:Invoking command in '/home/judson35/lab1_ws/build/lab1_pkg': CMAKE_PREFIX_PATH=/home/judson35/lab1_ws/install/lab1_pkg:/opt/ros/foxy:/opt/ros/noetic /usr/bin/cmake --install /home/judson35/lab1_ws/build/lab1_pkg
[11.032s] Level 1:colcon.colcon_core.environment:create_environment_scripts_only(lab1_pkg)
[11.034s] DEBUG:colcon.colcon_core.event_handler.log_command:Invoked command in '/home/judson35/lab1_ws/build/lab1_pkg' returned '0': CMAKE_PREFIX_PATH=/home/judson35/lab1_ws/install/lab1_pkg:/opt/ros/foxy:/opt/ros/noetic /usr/bin/cmake --install /home/judson35/lab1_ws/build/lab1_pkg
[11.043s] Level 1:colcon.colcon_core.environment:checking '/home/judson35/lab1_ws/install/lab1_pkg' for CMake module files
[11.044s] Level 1:colcon.colcon_core.environment:checking '/home/judson35/lab1_ws/install/lab1_pkg' for CMake config files
[11.045s] Level 1:colcon.colcon_core.shell:create_environment_hook('lab1_pkg', 'cmake_prefix_path')
[11.047s] INFO:colcon.colcon_core.shell:Creating environment hook '/home/judson35/lab1_ws/install/lab1_pkg/share/lab1_pkg/hook/cmake_prefix_path.ps1'
[11.049s] INFO:colcon.colcon_core.shell:Creating environment descriptor '/home/judson35/lab1_ws/install/lab1_pkg/share/lab1_pkg/hook/cmake_prefix_path.dsv'
[11.049s] INFO:colcon.colcon_core.shell:Creating environment hook '/home/judson35/lab1_ws/install/lab1_pkg/share/lab1_pkg/hook/cmake_prefix_path.sh'
[11.051s] Level 1:colcon.colcon_core.environment:checking '/home/judson35/lab1_ws/install/lab1_pkg/lib'
[11.051s] Level 1:colcon.colcon_core.environment:checking '/home/judson35/lab1_ws/install/lab1_pkg/bin'
[11.051s] Level 1:colcon.colcon_core.environment:checking '/home/judson35/lab1_ws/install/lab1_pkg/lib/pkgconfig/lab1_pkg.pc'
[11.052s] Level 1:colcon.colcon_core.environment:checking '/home/judson35/lab1_ws/install/lab1_pkg/lib/python3.8/site-packages'
[11.052s] Level 1:colcon.colcon_core.environment:checking '/home/judson35/lab1_ws/install/lab1_pkg/bin'
[11.055s] INFO:colcon.colcon_core.shell:Creating package script '/home/judson35/lab1_ws/install/lab1_pkg/share/lab1_pkg/package.ps1'
[11.056s] INFO:colcon.colcon_core.shell:Creating package descriptor '/home/judson35/lab1_ws/install/lab1_pkg/share/lab1_pkg/package.dsv'
[11.057s] INFO:colcon.colcon_core.shell:Creating package script '/home/judson35/lab1_ws/install/lab1_pkg/share/lab1_pkg/package.sh'
[11.058s] INFO:colcon.colcon_core.shell:Creating package script '/home/judson35/lab1_ws/install/lab1_pkg/share/lab1_pkg/package.bash'
[11.060s] INFO:colcon.colcon_core.shell:Creating package script '/home/judson35/lab1_ws/install/lab1_pkg/share/lab1_pkg/package.zsh'
[11.061s] Level 1:colcon.colcon_core.environment:create_file_with_runtime_dependencies(/home/judson35/lab1_ws/install/lab1_pkg/share/colcon-core/packages/lab1_pkg)
[11.104s] Level 1:colcon.colcon_core.environment:create_environment_scripts_only(lab1_pkg)
[11.109s] Level 1:colcon.colcon_core.environment:checking '/home/judson35/lab1_ws/install/lab1_pkg' for CMake module files
[11.110s] Level 1:colcon.colcon_core.environment:checking '/home/judson35/lab1_ws/install/lab1_pkg' for CMake config files
[11.110s] Level 1:colcon.colcon_core.shell:create_environment_hook('lab1_pkg', 'cmake_prefix_path')
[11.113s] INFO:colcon.colcon_core.shell:Creating environment hook '/home/judson35/lab1_ws/install/lab1_pkg/share/lab1_pkg/hook/cmake_prefix_path.ps1'
[11.114s] INFO:colcon.colcon_core.shell:Creating environment descriptor '/home/judson35/lab1_ws/install/lab1_pkg/share/lab1_pkg/hook/cmake_prefix_path.dsv'
[11.115s] INFO:colcon.colcon_core.shell:Creating environment hook '/home/judson35/lab1_ws/install/lab1_pkg/share/lab1_pkg/hook/cmake_prefix_path.sh'
[11.116s] Level 1:colcon.colcon_core.environment:checking '/home/judson35/lab1_ws/install/lab1_pkg/lib'
[11.116s] Level 1:colcon.colcon_core.environment:checking '/home/judson35/lab1_ws/install/lab1_pkg/bin'
[11.116s] Level 1:colcon.colcon_core.environment:checking '/home/judson35/lab1_ws/install/lab1_pkg/lib/pkgconfig/lab1_pkg.pc'
[11.117s] Level 1:colcon.colcon_core.environment:checking '/home/judson35/lab1_ws/install/lab1_pkg/lib/python3.8/site-packages'
[11.117s] Level 1:colcon.colcon_core.environment:checking '/home/judson35/lab1_ws/install/lab1_pkg/bin'
[11.120s] INFO:colcon.colcon_core.shell:Creating package script '/home/judson35/lab1_ws/install/lab1_pkg/share/lab1_pkg/package.ps1'
[11.121s] INFO:colcon.colcon_core.shell:Creating package descriptor '/home/judson35/lab1_ws/install/lab1_pkg/share/lab1_pkg/package.dsv'
[11.121s] INFO:colcon.colcon_core.shell:Creating package script '/home/judson35/lab1_ws/install/lab1_pkg/share/lab1_pkg/package.sh'
[11.122s] INFO:colcon.colcon_core.shell:Creating package script '/home/judson35/lab1_ws/install/lab1_pkg/share/lab1_pkg/package.bash'
[11.123s] INFO:colcon.colcon_core.shell:Creating package script '/home/judson35/lab1_ws/install/lab1_pkg/share/lab1_pkg/package.zsh'
[11.124s] Level 1:colcon.colcon_core.environment:create_file_with_runtime_dependencies(/home/judson35/lab1_ws/install/lab1_pkg/share/colcon-core/packages/lab1_pkg)
[11.124s] DEBUG:colcon.colcon_parallel_executor.executor.parallel:closing loop
[11.125s] DEBUG:colcon.colcon_parallel_executor.executor.parallel:loop closed
[11.126s] DEBUG:colcon.colcon_parallel_executor.executor.parallel:run_until_complete finished with '0'
[11.126s] DEBUG:colcon.colcon_core.event_reactor:joining thread
[11.136s] INFO:colcon.colcon_core.plugin_system:Skipping extension 'colcon_notification.desktop_notification.terminal_notifier': Not used on non-Darwin systems
[11.136s] INFO:colcon.colcon_core.plugin_system:Skipping extension 'colcon_notification.desktop_notification.win32': Not used on non-Windows systems
[11.136s] INFO:colcon.colcon_notification.desktop_notification:Sending desktop notification using 'notify2'
[11.162s] DEBUG:colcon.colcon_core.event_reactor:joined thread
[11.166s] INFO:colcon.colcon_core.shell:Creating prefix script '/home/judson35/lab1_ws/install/local_setup.ps1'
[11.167s] INFO:colcon.colcon_core.shell:Creating prefix util module '/home/judson35/lab1_ws/install/_local_setup_util_ps1.py'
[11.170s] INFO:colcon.colcon_core.shell:Creating prefix chain script '/home/judson35/lab1_ws/install/setup.ps1'
[11.173s] INFO:colcon.colcon_core.shell:Creating prefix script '/home/judson35/lab1_ws/install/local_setup.sh'
[11.174s] INFO:colcon.colcon_core.shell:Creating prefix util module '/home/judson35/lab1_ws/install/_local_setup_util_sh.py'
[11.175s] INFO:colcon.colcon_core.shell:Creating prefix chain script '/home/judson35/lab1_ws/install/setup.sh'
[11.178s] INFO:colcon.colcon_core.shell:Creating prefix script '/home/judson35/lab1_ws/install/local_setup.bash'
[11.179s] INFO:colcon.colcon_core.shell:Creating prefix chain script '/home/judson35/lab1_ws/install/setup.bash'
[11.182s] INFO:colcon.colcon_core.shell:Creating prefix script '/home/judson35/lab1_ws/install/local_setup.zsh'
[11.183s] INFO:colcon.colcon_core.shell:Creating prefix chain script '/home/judson35/lab1_ws/install/setup.zsh'
