[0.027s] Invoking command in '/home/judson35/lab1_ws/build/lab1_pkg': CMAKE_PREFIX_PATH=/home/judson35/lab1_ws/install/lab1_pkg:/opt/ros/foxy:/opt/ros/noetic /usr/bin/cmake --build /home/judson35/lab1_ws/build/lab1_pkg -- -j8 -l8
[0.096s] [35m[1mScanning dependencies of target relay[0m
[0.128s] [ 50%] Built target talker
[0.137s] [ 75%] [32mBuilding CXX object CMakeFiles/relay.dir/src/relay.cpp.o[0m
[2.365s] [01m[K/home/judson35/lab1_ws/src/lab1_pkg/src/relay.cpp:12:21:[m[K [01;31m[Kerror: [m[KISO C++ forbids declaration of ‘[01m[KMinimalSubscriber[m[K’ with no type [[01;31m[K-fpermissive[m[K]
[2.365s]    12 |   MinimalSubscriber([01;31m[K)[m[K
[2.365s]       |                     [01;31m[K^[m[K
[2.370s] [01m[K/home/judson35/lab1_ws/src/lab1_pkg/src/relay.cpp:30:24:[m[K [01;31m[Kerror: [m[K‘[01m[Ktutorial_interfaces[m[K’ was not declared in this scope; did you mean ‘[01m[Krcl_interfaces[m[K’?
[2.370s]    30 |   rclcpp::Subscription<[01;31m[Ktutorial_interfaces[m[K::msg::Num>::SharedPtr subscription_;
[2.370s]       |                        [01;31m[K^~~~~~~~~~~~~~~~~~~[m[K
[2.370s]       |                        [32m[Krcl_interfaces[m[K
[2.370s] [01m[K/home/judson35/lab1_ws/src/lab1_pkg/src/relay.cpp:30:53:[m[K [01;31m[Kerror: [m[Ktemplate argument 1 is invalid
[2.370s]    30 | :Subscription<tutorial_interfaces::msg::Num[01;31m[K>[m[K::SharedPtr subscription_;
[2.371s]       |                                            [01;31m[K^[m[K
[2.371s] 
[2.371s] [01m[K/home/judson35/lab1_ws/src/lab1_pkg/src/relay.cpp:30:53:[m[K [01;31m[Kerror: [m[Ktemplate argument 3 is invalid
[2.371s] [01m[K/home/judson35/lab1_ws/src/lab1_pkg/src/relay.cpp:30:56:[m[K [01;31m[Kerror: [m[Kexpected ‘[01m[K;[m[K’ at end of member declaration
[2.371s]    30 | bscription<tutorial_interfaces::msg::Num>::[01;31m[KSharedPtr[m[K subscription_;
[2.371s]       |                                            [01;31m[K^~~~~~~~~[m[K
[2.371s]       |                                                     [32m[K;[m[K
[2.374s] [01m[K/home/judson35/lab1_ws/src/lab1_pkg/src/relay.cpp:30:66:[m[K [01;31m[Kerror: [m[K‘[01m[Ksubscription_[m[K’ does not name a type; did you mean ‘[01m[Krcl_subscription_t[m[K’?
[2.374s]    30 | tion<tutorial_interfaces::msg::Num>::SharedPtr [01;31m[Ksubscription_[m[K;
[2.374s]       |                                                [01;31m[K^~~~~~~~~~~~~[m[K
[2.374s]       |                                                [32m[Krcl_subscription_t[m[K
[2.383s] [01m[K/home/judson35/lab1_ws/src/lab1_pkg/src/relay.cpp:[m[K In member function ‘[01m[Kint Relay::MinimalSubscriber()[m[K’:
[2.384s] [01m[K/home/judson35/lab1_ws/src/lab1_pkg/src/relay.cpp:13:5:[m[K [01;31m[Kerror: [m[Konly constructors take member initializers
[2.384s]    13 |   : [01;31m[KNode[m[K("drive_relay_node") {
[2.384s]       |     [01;31m[K^~~~[m[K
[2.388s] [01m[K/home/judson35/lab1_ws/src/lab1_pkg/src/relay.cpp:14:5:[m[K [01;31m[Kerror: [m[K‘[01m[Ksubscription_[m[K’ was not declared in this scope; did you mean ‘[01m[Krcl_subscription_t[m[K’?
[2.388s]    14 |     [01;31m[Ksubscription_[m[K = this->create_subscription<ackermann_msgs::msg::AckermannDriveStamped>(
[2.388s]       |     [01;31m[K^~~~~~~~~~~~~[m[K
[2.388s]       |     [32m[Krcl_subscription_t[m[K
[2.422s] [01m[K/home/judson35/lab1_ws/src/lab1_pkg/src/relay.cpp:19:3:[m[K [01;35m[Kwarning: [m[Kno return statement in function returning non-void [[01;35m[K-Wreturn-type[m[K]
[2.422s]    19 |   [01;35m[K}[m[K
[2.423s]       |   [01;35m[K^[m[K
[2.423s] [01m[K/home/judson35/lab1_ws/src/lab1_pkg/src/relay.cpp:[m[K In member function ‘[01m[Kvoid Relay::topic_callback(ackermann_msgs::msg::AckermannDriveStamped_<std::allocator<void> >::SharedPtr) const[m[K’:
[2.423s] [01m[K/home/judson35/lab1_ws/src/lab1_pkg/src/relay.cpp:24:42:[m[K [01;31m[Kerror: [m[K‘[01m[Kusing element_type = struct ackermann_msgs::msg::AckermannDriveStamped_<std::allocator<void> >[m[K’ {aka ‘[01m[Kstruct ackermann_msgs::msg::AckermannDriveStamped_<std::allocator<void> >[m[K’} has no member named ‘[01m[Kspeed[m[K’
[2.423s]    24 |     relay_message.drive.speed = message->[01;31m[Kspeed[m[K * 3;
[2.423s]       |                                          [01;31m[K^~~~~[m[K
[2.424s] [01m[K/home/judson35/lab1_ws/src/lab1_pkg/src/relay.cpp:25:51:[m[K [01;31m[Kerror: [m[K‘[01m[Kusing element_type = struct ackermann_msgs::msg::AckermannDriveStamped_<std::allocator<void> >[m[K’ {aka ‘[01m[Kstruct ackermann_msgs::msg::AckermannDriveStamped_<std::allocator<void> >[m[K’} has no member named ‘[01m[Ksteering_angle[m[K’
[2.424s]    25 | ay_message.drive.steering_angle = message->[01;31m[Ksteering_angle[m[K * 3;
[2.424s]       |                                            [01;31m[K^~~~~~~~~~~~~~[m[K
[2.424s] 
[3.797s] In file included from [01m[K/usr/include/x86_64-linux-gnu/c++/9/bits/c++allocator.h:33[m[K,
[3.798s]                  from [01m[K/usr/include/c++/9/bits/allocator.h:46[m[K,
[3.798s]                  from [01m[K/usr/include/c++/9/string:41[m[K,
[3.798s]                  from [01m[K/usr/include/c++/9/stdexcept:39[m[K,
[3.798s]                  from [01m[K/usr/include/c++/9/array:39[m[K,
[3.798s]                  from [01m[K/usr/include/c++/9/tuple:39[m[K,
[3.798s]                  from [01m[K/usr/include/c++/9/functional:54[m[K,
[3.798s]                  from [01m[K/home/judson35/lab1_ws/src/lab1_pkg/src/relay.cpp:2[m[K:
[3.798s] /usr/include/c++/9/ext/new_allocator.h: In instantiation of ‘[01m[Kvoid __gnu_cxx::new_allocator<_Tp>::construct(_Up*, _Args&& ...) [with _Up = Relay; _Args = {}; _Tp = Relay][m[K’:
[3.798s] [01m[K/usr/include/c++/9/bits/alloc_traits.h:483:4:[m[K   required from ‘[01m[Kstatic void std::allocator_traits<std::allocator<_CharT> >::construct(std::allocator_traits<std::allocator<_CharT> >::allocator_type&, _Up*, _Args&& ...) [with _Up = Relay; _Args = {}; _Tp = Relay; std::allocator_traits<std::allocator<_CharT> >::allocator_type = std::allocator<Relay>][m[K’
[3.799s] [01m[K/usr/include/c++/9/bits/shared_ptr_base.h:548:39:[m[K   required from ‘[01m[Kstd::_Sp_counted_ptr_inplace<_Tp, _Alloc, _Lp>::_Sp_counted_ptr_inplace(_Alloc, _Args&& ...) [with _Args = {}; _Tp = Relay; _Alloc = std::allocator<Relay>; __gnu_cxx::_Lock_policy _Lp = __gnu_cxx::_S_atomic][m[K’
[3.799s] [01m[K/usr/include/c++/9/bits/shared_ptr_base.h:679:16:[m[K   required from ‘[01m[Kstd::__shared_count<_Lp>::__shared_count(_Tp*&, std::_Sp_alloc_shared_tag<_Alloc>, _Args&& ...) [with _Tp = Relay; _Alloc = std::allocator<Relay>; _Args = {}; __gnu_cxx::_Lock_policy _Lp = __gnu_cxx::_S_atomic][m[K’
[3.799s] [01m[K/usr/include/c++/9/bits/shared_ptr_base.h:1344:71:[m[K   required from ‘[01m[Kstd::__shared_ptr<_Tp, _Lp>::__shared_ptr(std::_Sp_alloc_shared_tag<_Tp>, _Args&& ...) [with _Alloc = std::allocator<Relay>; _Args = {}; _Tp = Relay; __gnu_cxx::_Lock_policy _Lp = __gnu_cxx::_S_atomic][m[K’
[3.799s] [01m[K/usr/include/c++/9/bits/shared_ptr.h:359:59:[m[K   required from ‘[01m[Kstd::shared_ptr<_Tp>::shared_ptr(std::_Sp_alloc_shared_tag<_Tp>, _Args&& ...) [with _Alloc = std::allocator<Relay>; _Args = {}; _Tp = Relay][m[K’
[3.799s] [01m[K/usr/include/c++/9/bits/shared_ptr.h:701:14:[m[K   required from ‘[01m[Kstd::shared_ptr<_Tp> std::allocate_shared(const _Alloc&, _Args&& ...) [with _Tp = Relay; _Alloc = std::allocator<Relay>; _Args = {}][m[K’
[3.799s] [01m[K/usr/include/c++/9/bits/shared_ptr.h:717:39:[m[K   required from ‘[01m[Kstd::shared_ptr<_Tp> std::make_shared(_Args&& ...) [with _Tp = Relay; _Args = {}][m[K’
[3.799s] [01m[K/home/judson35/lab1_ws/src/lab1_pkg/src/relay.cpp:36:40:[m[K   required from here
[3.799s] [01m[K/usr/include/c++/9/ext/new_allocator.h:146:4:[m[K [01;31m[Kerror: [m[Kuse of deleted function ‘[01m[KRelay::Relay()[m[K’
[3.800s]   146 |  { [01;31m[K::new((void *)__p) _Up(std::forward<_Args>(__args)...)[m[K; }
[3.800s]       |    [01;31m[K^~~~~~~~~~~~~~~~~~~~~~~~~~~~~~~~~~~~~~~~~~~~~~~~~~~~~~[m[K
[3.800s] [01m[K/home/judson35/lab1_ws/src/lab1_pkg/src/relay.cpp:10:7:[m[K [01;36m[Knote: [m[K‘[01m[KRelay::Relay()[m[K’ is implicitly deleted because the default definition would be ill-formed:
[3.800s]    10 | class [01;36m[KRelay[m[K : public rclcpp::Node {
[3.800s]       |       [01;36m[K^~~~~[m[K
[3.800s] [01m[K/home/judson35/lab1_ws/src/lab1_pkg/src/relay.cpp:10:7:[m[K [01;31m[Kerror: [m[Kno matching function for call to ‘[01m[Krclcpp::Node::Node()[m[K’
[3.800s] In file included from [01m[K/opt/ros/foxy/include/rclcpp/executors/single_threaded_executor.hpp:28[m[K,
[3.801s]                  from [01m[K/opt/ros/foxy/include/rclcpp/executors.hpp:22[m[K,
[3.801s]                  from [01m[K/opt/ros/foxy/include/rclcpp/rclcpp.hpp:146[m[K,
[3.801s]                  from [01m[K/home/judson35/lab1_ws/src/lab1_pkg/src/relay.cpp:5[m[K:
[3.801s] [01m[K/opt/ros/foxy/include/rclcpp/node.hpp:1193:3:[m[K [01;36m[Knote: [m[Kcandidate: ‘[01m[Krclcpp::Node::Node(const rclcpp::Node&, const string&)[m[K’
[3.801s]  1193 |   [01;36m[KNode[m[K(
[3.801s]       |   [01;36m[K^~~~[m[K
[3.801s] [01m[K/opt/ros/foxy/include/rclcpp/node.hpp:1193:3:[m[K [01;36m[Knote: [m[K  candidate expects 2 arguments, 0 provided
[3.801s] [01m[K/opt/ros/foxy/include/rclcpp/node.hpp:98:12:[m[K [01;36m[Knote: [m[Kcandidate: ‘[01m[Krclcpp::Node::Node(const string&, const string&, const rclcpp::NodeOptions&)[m[K’
[3.802s]    98 |   explicit [01;36m[KNode[m[K(
[3.802s]       |            [01;36m[K^~~~[m[K
[3.802s] [01m[K/opt/ros/foxy/include/rclcpp/node.hpp:98:12:[m[K [01;36m[Knote: [m[K  candidate expects 3 arguments, 0 provided
[3.802s] [01m[K/opt/ros/foxy/include/rclcpp/node.hpp:86:12:[m[K [01;36m[Knote: [m[Kcandidate: ‘[01m[Krclcpp::Node::Node(const string&, const rclcpp::NodeOptions&)[m[K’
[3.802s]    86 |   explicit [01;36m[KNode[m[K(
[3.802s]       |            [01;36m[K^~~~[m[K
[3.802s] [01m[K/opt/ros/foxy/include/rclcpp/node.hpp:86:12:[m[K [01;36m[Knote: [m[K  candidate expects 2 arguments, 0 provided
[4.922s] make[2]: *** [CMakeFiles/relay.dir/build.make:63: CMakeFiles/relay.dir/src/relay.cpp.o] Error 1
[4.923s] make[1]: *** [CMakeFiles/Makefile2:80: CMakeFiles/relay.dir/all] Error 2
[4.923s] make: *** [Makefile:141: all] Error 2
[4.927s] Invoked command in '/home/judson35/lab1_ws/build/lab1_pkg' returned '2': CMAKE_PREFIX_PATH=/home/judson35/lab1_ws/install/lab1_pkg:/opt/ros/foxy:/opt/ros/noetic /usr/bin/cmake --build /home/judson35/lab1_ws/build/lab1_pkg -- -j8 -l8
