[35m[1mScanning dependencies of target talker[0m
[ 50%] [32mBuilding CXX object CMakeFiles/talker.dir/src/talker.cpp.o[0m
[01m[K/home/judson35/lab1_ws/src/lab1_pkg/src/talker.cpp:[m[K In constructor ‘[01m[KTalker::Talker()[m[K’:
[01m[K/home/judson35/lab1_ws/src/lab1_pkg/src/talker.cpp:22:37:[m[K [01;31m[Kerror: [m[Kcannot convert ‘[01m[Krclcpp::Parameter[m[K’ to ‘[01m[Kdouble[m[K’ in assignment
   22 |         speed_ = [01;31m[Kthis->get_parameter("v")[m[K;
      |                  [01;31m[K~~~~~~~~~~~~~~~~~~~^~~~~[m[K
      |                                     [01;31m[K|[m[K
      |                                     [01;31m[Krclcpp::Parameter[m[K
[01m[K/home/judson35/lab1_ws/src/lab1_pkg/src/talker.cpp:23:46:[m[K [01;31m[Kerror: [m[Kcannot convert ‘[01m[Krclcpp::Parameter[m[K’ to ‘[01m[Kdouble[m[K’ in assignment
   23 |         steering_angle_ = [01;31m[Kthis->get_parameter("d")[m[K;
      |                           [01;31m[K~~~~~~~~~~~~~~~~~~~^~~~~[m[K
      |                                              [01;31m[K|[m[K
      |                                              [01;31m[Krclcpp::Parameter[m[K
[01m[K/home/judson35/lab1_ws/src/lab1_pkg/src/talker.cpp:[m[K In member function ‘[01m[Krcl_interfaces::msg::SetParametersResult Talker::parametersCallback(const std::vector<rclcpp::Parameter>&)[m[K’:
[01m[K/home/judson35/lab1_ws/src/lab1_pkg/src/talker.cpp:36:38:[m[K [01;31m[Kerror: [m[Kinvalid cast from type ‘[01m[Kconst value_type[m[K’ {aka ‘[01m[Kconst rclcpp::Parameter[m[K’} to type ‘[01m[Kdouble[m[K’
   36 |         speed_ = (double)parameters[0[01;31m[K][m[K;
      |                                      [01;31m[K^[m[K
[01m[K/home/judson35/lab1_ws/src/lab1_pkg/src/talker.cpp:37:47:[m[K [01;31m[Kerror: [m[Kinvalid cast from type ‘[01m[Kconst value_type[m[K’ {aka ‘[01m[Kconst rclcpp::Parameter[m[K’} to type ‘[01m[Kdouble[m[K’
   37 |         steering_angle_ = (double)parameters[1[01;31m[K][m[K;
      |                                               [01;31m[K^[m[K
make[2]: *** [CMakeFiles/talker.dir/build.make:63: CMakeFiles/talker.dir/src/talker.cpp.o] Error 1
make[1]: *** [CMakeFiles/Makefile2:78: CMakeFiles/talker.dir/all] Error 2
make: *** [Makefile:141: all] Error 2
