[0.029s] Invoking command in '/home/judson35/lab1_ws/build/lab1_pkg': CMAKE_PREFIX_PATH=/home/judson35/lab1_ws/install/lab1_pkg:/opt/ros/foxy:/opt/ros/noetic /usr/bin/cmake --build /home/judson35/lab1_ws/build/lab1_pkg -- -j8 -l8
[0.098s] [35m[1mScanning dependencies of target talker[0m
[0.136s] [ 50%] Built target relay
[0.151s] [ 75%] [32mBuilding CXX object CMakeFiles/talker.dir/src/talker.cpp.o[0m
[5.430s] [100%] [32m[1mLinking CXX executable talker[0m
[5.705s] [100%] Built target talker
[5.725s] Invoked command in '/home/judson35/lab1_ws/build/lab1_pkg' returned '0': CMAKE_PREFIX_PATH=/home/judson35/lab1_ws/install/lab1_pkg:/opt/ros/foxy:/opt/ros/noetic /usr/bin/cmake --build /home/judson35/lab1_ws/build/lab1_pkg -- -j8 -l8
[5.787s] Invoking command in '/home/judson35/lab1_ws/build/lab1_pkg': CMAKE_PREFIX_PATH=/home/judson35/lab1_ws/install/lab1_pkg:/opt/ros/foxy:/opt/ros/noetic /usr/bin/cmake --install /home/judson35/lab1_ws/build/lab1_pkg
[5.807s] -- Install configuration: ""
[5.807s] -- Installing: /home/judson35/lab1_ws/install/lab1_pkg/lib/lab1_pkg/talker
[5.810s] -- Set runtime path of "/home/judson35/lab1_ws/install/lab1_pkg/lib/lab1_pkg/talker" to ""
[5.810s] -- Up-to-date: /home/judson35/lab1_ws/install/lab1_pkg/lib/lab1_pkg/relay
[5.811s] -- Up-to-date: /home/judson35/lab1_ws/install/lab1_pkg/share/ament_index/resource_index/package_run_dependencies/lab1_pkg
[5.812s] -- Up-to-date: /home/judson35/lab1_ws/install/lab1_pkg/share/ament_index/resource_index/parent_prefix_path/lab1_pkg
[5.812s] -- Up-to-date: /home/judson35/lab1_ws/install/lab1_pkg/share/lab1_pkg/environment/ament_prefix_path.sh
[5.813s] -- Up-to-date: /home/judson35/lab1_ws/install/lab1_pkg/share/lab1_pkg/environment/ament_prefix_path.dsv
[5.813s] -- Up-to-date: /home/judson35/lab1_ws/install/lab1_pkg/share/lab1_pkg/environment/path.sh
[5.814s] -- Up-to-date: /home/judson35/lab1_ws/install/lab1_pkg/share/lab1_pkg/environment/path.dsv
[5.814s] -- Up-to-date: /home/judson35/lab1_ws/install/lab1_pkg/share/lab1_pkg/local_setup.bash
[5.814s] -- Up-to-date: /home/judson35/lab1_ws/install/lab1_pkg/share/lab1_pkg/local_setup.sh
[5.814s] -- Up-to-date: /home/judson35/lab1_ws/install/lab1_pkg/share/lab1_pkg/local_setup.zsh
[5.815s] -- Up-to-date: /home/judson35/lab1_ws/install/lab1_pkg/share/lab1_pkg/local_setup.dsv
[5.815s] -- Installing: /home/judson35/lab1_ws/install/lab1_pkg/share/lab1_pkg/package.dsv
[5.815s] -- Up-to-date: /home/judson35/lab1_ws/install/lab1_pkg/share/ament_index/resource_index/packages/lab1_pkg
[5.815s] -- Up-to-date: /home/judson35/lab1_ws/install/lab1_pkg/share/lab1_pkg/cmake/lab1_pkgConfig.cmake
[5.816s] -- Up-to-date: /home/judson35/lab1_ws/install/lab1_pkg/share/lab1_pkg/cmake/lab1_pkgConfig-version.cmake
[5.816s] -- Up-to-date: /home/judson35/lab1_ws/install/lab1_pkg/share/lab1_pkg/package.xml
[5.822s] Invoked command in '/home/judson35/lab1_ws/build/lab1_pkg' returned '0': CMAKE_PREFIX_PATH=/home/judson35/lab1_ws/install/lab1_pkg:/opt/ros/foxy:/opt/ros/noetic /usr/bin/cmake --install /home/judson35/lab1_ws/build/lab1_pkg
