[0.031s] Invoking command in '/home/judson35/lab1_ws/build/lab1_pkg': CMAKE_PREFIX_PATH=/opt/ros/foxy:${CMAKE_PREFIX_PATH} /usr/bin/cmake --build /home/judson35/lab1_ws/build/lab1_pkg -- -j8 -l8
[0.101s] [35m[1mScanning dependencies of target talker[0m
[0.154s] [ 50%] [32mBuilding CXX object CMakeFiles/talker.dir/src/talker.cpp.o[0m
[2.466s] [01m[K/home/judson35/lab1_ws/src/lab1_pkg/src/talker.cpp:[m[K In member function ‘[01m[Krcl_interfaces::msg::SetParametersResult Talker::parametersCallback(const std::vector<rclcpp::Parameter>&)[m[K’:
[2.467s] [01m[K/home/judson35/lab1_ws/src/lab1_pkg/src/talker.cpp:45:5:[m[K [01;35m[Kwarning: [m[Kno return statement in function returning non-void [[01;35m[K-Wreturn-type[m[K]
[2.467s]    45 |     [01;35m[K}[m[K
[2.467s]       |     [01;35m[K^[m[K
[2.467s] [01m[K/home/judson35/lab1_ws/src/lab1_pkg/src/talker.cpp:30:103:[m[K [01;35m[Kwarning: [m[Kunused parameter ‘[01m[Kparameters[m[K’ [[01;35m[K-Wunused-parameter[m[K]
[2.467s]    30 | sg::SetParametersResult parametersCallback([01;35m[Kconst std::vector<rclcpp::Parameter> &parameters[m[K) {
[2.467s]       |                                            [01;35m[K~~~~~~~~~~~~~~~~~~~~~~~~~~~~~~~~~~~~~~^~~~~~~~~~[m[K
[2.467s] 
[5.497s] [100%] [32m[1mLinking CXX executable talker[0m
[5.805s] [100%] Built target talker
[5.824s] Invoked command in '/home/judson35/lab1_ws/build/lab1_pkg' returned '0': CMAKE_PREFIX_PATH=/opt/ros/foxy:${CMAKE_PREFIX_PATH} /usr/bin/cmake --build /home/judson35/lab1_ws/build/lab1_pkg -- -j8 -l8
[5.893s] Invoking command in '/home/judson35/lab1_ws/build/lab1_pkg': CMAKE_PREFIX_PATH=/opt/ros/foxy:${CMAKE_PREFIX_PATH} /usr/bin/cmake --install /home/judson35/lab1_ws/build/lab1_pkg
[5.906s] -- Install configuration: ""
[5.906s] -- Installing: /home/judson35/lab1_ws/install/lab1_pkg/lib/lab1_pkg/talker
[5.907s] -- Set runtime path of "/home/judson35/lab1_ws/install/lab1_pkg/lib/lab1_pkg/talker" to ""
[5.908s] -- Installing: /home/judson35/lab1_ws/install/lab1_pkg/share/ament_index/resource_index/package_run_dependencies/lab1_pkg
[5.908s] -- Installing: /home/judson35/lab1_ws/install/lab1_pkg/share/ament_index/resource_index/parent_prefix_path/lab1_pkg
[5.908s] -- Installing: /home/judson35/lab1_ws/install/lab1_pkg/share/lab1_pkg/environment/ament_prefix_path.sh
[5.909s] -- Installing: /home/judson35/lab1_ws/install/lab1_pkg/share/lab1_pkg/environment/ament_prefix_path.dsv
[5.909s] -- Installing: /home/judson35/lab1_ws/install/lab1_pkg/share/lab1_pkg/environment/path.sh
[5.909s] -- Installing: /home/judson35/lab1_ws/install/lab1_pkg/share/lab1_pkg/environment/path.dsv
[5.909s] -- Installing: /home/judson35/lab1_ws/install/lab1_pkg/share/lab1_pkg/local_setup.bash
[5.910s] -- Installing: /home/judson35/lab1_ws/install/lab1_pkg/share/lab1_pkg/local_setup.sh
[5.910s] -- Installing: /home/judson35/lab1_ws/install/lab1_pkg/share/lab1_pkg/local_setup.zsh
[5.910s] -- Installing: /home/judson35/lab1_ws/install/lab1_pkg/share/lab1_pkg/local_setup.dsv
[5.910s] -- Installing: /home/judson35/lab1_ws/install/lab1_pkg/share/lab1_pkg/package.dsv
[5.911s] -- Installing: /home/judson35/lab1_ws/install/lab1_pkg/share/ament_index/resource_index/packages/lab1_pkg
[5.911s] -- Installing: /home/judson35/lab1_ws/install/lab1_pkg/share/lab1_pkg/cmake/lab1_pkgConfig.cmake
[5.911s] -- Installing: /home/judson35/lab1_ws/install/lab1_pkg/share/lab1_pkg/cmake/lab1_pkgConfig-version.cmake
[5.911s] -- Installing: /home/judson35/lab1_ws/install/lab1_pkg/share/lab1_pkg/package.xml
[5.914s] Invoked command in '/home/judson35/lab1_ws/build/lab1_pkg' returned '0': CMAKE_PREFIX_PATH=/opt/ros/foxy:${CMAKE_PREFIX_PATH} /usr/bin/cmake --install /home/judson35/lab1_ws/build/lab1_pkg
